

Started GET "/assets/rails.png" for 127.0.0.1 at 2014-02-08 19:45:21 -0800
Connecting to database specified by database.yml
Served asset /rails.png - 200 OK (3ms)


Started GET "/" for 127.0.0.1 at 2014-02-08 20:13:51 -0800

ActionController::RoutingError (uninitialized constant StaticController):
  activesupport (3.2.16) lib/active_support/inflector/methods.rb:230:in `block in constantize'
  activesupport (3.2.16) lib/active_support/inflector/methods.rb:229:in `each'
  activesupport (3.2.16) lib/active_support/inflector/methods.rb:229:in `constantize'
  actionpack (3.2.16) lib/action_dispatch/routing/route_set.rb:69:in `controller_reference'
  actionpack (3.2.16) lib/action_dispatch/routing/route_set.rb:54:in `controller'
  actionpack (3.2.16) lib/action_dispatch/routing/route_set.rb:32:in `call'
  journey (1.0.4) lib/journey/router.rb:68:in `block in call'
  journey (1.0.4) lib/journey/router.rb:56:in `each'
  journey (1.0.4) lib/journey/router.rb:56:in `call'
  actionpack (3.2.16) lib/action_dispatch/routing/route_set.rb:608:in `call'
  actionpack (3.2.16) lib/action_dispatch/middleware/best_standards_support.rb:17:in `call'
  rack (1.4.5) lib/rack/etag.rb:23:in `call'
  rack (1.4.5) lib/rack/conditionalget.rb:25:in `call'
  actionpack (3.2.16) lib/action_dispatch/middleware/head.rb:14:in `call'
  actionpack (3.2.16) lib/action_dispatch/middleware/params_parser.rb:21:in `call'
  actionpack (3.2.16) lib/action_dispatch/middleware/flash.rb:242:in `call'
  rack (1.4.5) lib/rack/session/abstract/id.rb:210:in `context'
  rack (1.4.5) lib/rack/session/abstract/id.rb:205:in `call'
  actionpack (3.2.16) lib/action_dispatch/middleware/cookies.rb:341:in `call'
  activerecord (3.2.16) lib/active_record/query_cache.rb:64:in `call'
  activerecord (3.2.16) lib/active_record/connection_adapters/abstract/connection_pool.rb:479:in `call'
  actionpack (3.2.16) lib/action_dispatch/middleware/callbacks.rb:28:in `block in call'
  activesupport (3.2.16) lib/active_support/callbacks.rb:405:in `_run__4432405505903953232__call__3351325139431060860__callbacks'
  activesupport (3.2.16) lib/active_support/callbacks.rb:405:in `__run_callback'
  activesupport (3.2.16) lib/active_support/callbacks.rb:385:in `_run_call_callbacks'
  activesupport (3.2.16) lib/active_support/callbacks.rb:81:in `run_callbacks'
  actionpack (3.2.16) lib/action_dispatch/middleware/callbacks.rb:27:in `call'
  actionpack (3.2.16) lib/action_dispatch/middleware/reloader.rb:65:in `call'
  actionpack (3.2.16) lib/action_dispatch/middleware/remote_ip.rb:31:in `call'
  actionpack (3.2.16) lib/action_dispatch/middleware/debug_exceptions.rb:16:in `call'
  actionpack (3.2.16) lib/action_dispatch/middleware/show_exceptions.rb:56:in `call'
  railties (3.2.16) lib/rails/rack/logger.rb:32:in `call_app'
  railties (3.2.16) lib/rails/rack/logger.rb:16:in `block in call'
  activesupport (3.2.16) lib/active_support/tagged_logging.rb:22:in `tagged'
  railties (3.2.16) lib/rails/rack/logger.rb:16:in `call'
  actionpack (3.2.16) lib/action_dispatch/middleware/request_id.rb:22:in `call'
  rack (1.4.5) lib/rack/methodoverride.rb:21:in `call'
  rack (1.4.5) lib/rack/runtime.rb:17:in `call'
  activesupport (3.2.16) lib/active_support/cache/strategy/local_cache.rb:72:in `call'
  rack (1.4.5) lib/rack/lock.rb:15:in `call'
  actionpack (3.2.16) lib/action_dispatch/middleware/static.rb:63:in `call'
  railties (3.2.16) lib/rails/engine.rb:484:in `call'
  railties (3.2.16) lib/rails/application.rb:231:in `call'
  rack (1.4.5) lib/rack/content_length.rb:14:in `call'
  railties (3.2.16) lib/rails/rack/log_tailer.rb:17:in `call'
  rack (1.4.5) lib/rack/handler/webrick.rb:59:in `service'
  /Users/ron/.rvm/rubies/ruby-2.1.0/lib/ruby/2.1.0/webrick/httpserver.rb:138:in `service'
  /Users/ron/.rvm/rubies/ruby-2.1.0/lib/ruby/2.1.0/webrick/httpserver.rb:94:in `run'
  /Users/ron/.rvm/rubies/ruby-2.1.0/lib/ruby/2.1.0/webrick/server.rb:295:in `block in start_thread'


  Rendered /Users/ron/.rvm/gems/ruby-2.1.0/gems/actionpack-3.2.16/lib/action_dispatch/middleware/templates/rescues/routing_error.erb within rescues/layout (1.5ms)


Started GET "/" for 127.0.0.1 at 2014-02-08 20:15:41 -0800

ActionController::RoutingError (uninitialized constant StaticController):
  activesupport (3.2.16) lib/active_support/inflector/methods.rb:230:in `block in constantize'
  activesupport (3.2.16) lib/active_support/inflector/methods.rb:229:in `each'
  activesupport (3.2.16) lib/active_support/inflector/methods.rb:229:in `constantize'
  actionpack (3.2.16) lib/action_dispatch/routing/route_set.rb:69:in `controller_reference'
  actionpack (3.2.16) lib/action_dispatch/routing/route_set.rb:54:in `controller'
  actionpack (3.2.16) lib/action_dispatch/routing/route_set.rb:32:in `call'
  journey (1.0.4) lib/journey/router.rb:68:in `block in call'
  journey (1.0.4) lib/journey/router.rb:56:in `each'
  journey (1.0.4) lib/journey/router.rb:56:in `call'
  actionpack (3.2.16) lib/action_dispatch/routing/route_set.rb:608:in `call'
  actionpack (3.2.16) lib/action_dispatch/middleware/best_standards_support.rb:17:in `call'
  rack (1.4.5) lib/rack/etag.rb:23:in `call'
  rack (1.4.5) lib/rack/conditionalget.rb:25:in `call'
  actionpack (3.2.16) lib/action_dispatch/middleware/head.rb:14:in `call'
  actionpack (3.2.16) lib/action_dispatch/middleware/params_parser.rb:21:in `call'
  actionpack (3.2.16) lib/action_dispatch/middleware/flash.rb:242:in `call'
  rack (1.4.5) lib/rack/session/abstract/id.rb:210:in `context'
  rack (1.4.5) lib/rack/session/abstract/id.rb:205:in `call'
  actionpack (3.2.16) lib/action_dispatch/middleware/cookies.rb:341:in `call'
  activerecord (3.2.16) lib/active_record/query_cache.rb:64:in `call'
  activerecord (3.2.16) lib/active_record/connection_adapters/abstract/connection_pool.rb:479:in `call'
  actionpack (3.2.16) lib/action_dispatch/middleware/callbacks.rb:28:in `block in call'
  activesupport (3.2.16) lib/active_support/callbacks.rb:405:in `_run__4432405505903953232__call__3351325139431060860__callbacks'
  activesupport (3.2.16) lib/active_support/callbacks.rb:405:in `__run_callback'
  activesupport (3.2.16) lib/active_support/callbacks.rb:385:in `_run_call_callbacks'
  activesupport (3.2.16) lib/active_support/callbacks.rb:81:in `run_callbacks'
  actionpack (3.2.16) lib/action_dispatch/middleware/callbacks.rb:27:in `call'
  actionpack (3.2.16) lib/action_dispatch/middleware/reloader.rb:65:in `call'
  actionpack (3.2.16) lib/action_dispatch/middleware/remote_ip.rb:31:in `call'
  actionpack (3.2.16) lib/action_dispatch/middleware/debug_exceptions.rb:16:in `call'
  actionpack (3.2.16) lib/action_dispatch/middleware/show_exceptions.rb:56:in `call'
  railties (3.2.16) lib/rails/rack/logger.rb:32:in `call_app'
  railties (3.2.16) lib/rails/rack/logger.rb:16:in `block in call'
  activesupport (3.2.16) lib/active_support/tagged_logging.rb:22:in `tagged'
  railties (3.2.16) lib/rails/rack/logger.rb:16:in `call'
  actionpack (3.2.16) lib/action_dispatch/middleware/request_id.rb:22:in `call'
  rack (1.4.5) lib/rack/methodoverride.rb:21:in `call'
  rack (1.4.5) lib/rack/runtime.rb:17:in `call'
  activesupport (3.2.16) lib/active_support/cache/strategy/local_cache.rb:72:in `call'
  rack (1.4.5) lib/rack/lock.rb:15:in `call'
  actionpack (3.2.16) lib/action_dispatch/middleware/static.rb:63:in `call'
  railties (3.2.16) lib/rails/engine.rb:484:in `call'
  railties (3.2.16) lib/rails/application.rb:231:in `call'
  rack (1.4.5) lib/rack/content_length.rb:14:in `call'
  railties (3.2.16) lib/rails/rack/log_tailer.rb:17:in `call'
  rack (1.4.5) lib/rack/handler/webrick.rb:59:in `service'
  /Users/ron/.rvm/rubies/ruby-2.1.0/lib/ruby/2.1.0/webrick/httpserver.rb:138:in `service'
  /Users/ron/.rvm/rubies/ruby-2.1.0/lib/ruby/2.1.0/webrick/httpserver.rb:94:in `run'
  /Users/ron/.rvm/rubies/ruby-2.1.0/lib/ruby/2.1.0/webrick/server.rb:295:in `block in start_thread'


  Rendered /Users/ron/.rvm/gems/ruby-2.1.0/gems/actionpack-3.2.16/lib/action_dispatch/middleware/templates/rescues/routing_error.erb within rescues/layout (0.4ms)


Started GET "/" for 127.0.0.1 at 2014-02-08 20:15:42 -0800

ActionController::RoutingError (uninitialized constant StaticController):
  activesupport (3.2.16) lib/active_support/inflector/methods.rb:230:in `block in constantize'
  activesupport (3.2.16) lib/active_support/inflector/methods.rb:229:in `each'
  activesupport (3.2.16) lib/active_support/inflector/methods.rb:229:in `constantize'
  actionpack (3.2.16) lib/action_dispatch/routing/route_set.rb:69:in `controller_reference'
  actionpack (3.2.16) lib/action_dispatch/routing/route_set.rb:54:in `controller'
  actionpack (3.2.16) lib/action_dispatch/routing/route_set.rb:32:in `call'
  journey (1.0.4) lib/journey/router.rb:68:in `block in call'
  journey (1.0.4) lib/journey/router.rb:56:in `each'
  journey (1.0.4) lib/journey/router.rb:56:in `call'
  actionpack (3.2.16) lib/action_dispatch/routing/route_set.rb:608:in `call'
  actionpack (3.2.16) lib/action_dispatch/middleware/best_standards_support.rb:17:in `call'
  rack (1.4.5) lib/rack/etag.rb:23:in `call'
  rack (1.4.5) lib/rack/conditionalget.rb:25:in `call'
  actionpack (3.2.16) lib/action_dispatch/middleware/head.rb:14:in `call'
  actionpack (3.2.16) lib/action_dispatch/middleware/params_parser.rb:21:in `call'
  actionpack (3.2.16) lib/action_dispatch/middleware/flash.rb:242:in `call'
  rack (1.4.5) lib/rack/session/abstract/id.rb:210:in `context'
  rack (1.4.5) lib/rack/session/abstract/id.rb:205:in `call'
  actionpack (3.2.16) lib/action_dispatch/middleware/cookies.rb:341:in `call'
  activerecord (3.2.16) lib/active_record/query_cache.rb:64:in `call'
  activerecord (3.2.16) lib/active_record/connection_adapters/abstract/connection_pool.rb:479:in `call'
  actionpack (3.2.16) lib/action_dispatch/middleware/callbacks.rb:28:in `block in call'
  activesupport (3.2.16) lib/active_support/callbacks.rb:405:in `_run__4432405505903953232__call__3351325139431060860__callbacks'
  activesupport (3.2.16) lib/active_support/callbacks.rb:405:in `__run_callback'
  activesupport (3.2.16) lib/active_support/callbacks.rb:385:in `_run_call_callbacks'
  activesupport (3.2.16) lib/active_support/callbacks.rb:81:in `run_callbacks'
  actionpack (3.2.16) lib/action_dispatch/middleware/callbacks.rb:27:in `call'
  actionpack (3.2.16) lib/action_dispatch/middleware/reloader.rb:65:in `call'
  actionpack (3.2.16) lib/action_dispatch/middleware/remote_ip.rb:31:in `call'
  actionpack (3.2.16) lib/action_dispatch/middleware/debug_exceptions.rb:16:in `call'
  actionpack (3.2.16) lib/action_dispatch/middleware/show_exceptions.rb:56:in `call'
  railties (3.2.16) lib/rails/rack/logger.rb:32:in `call_app'
  railties (3.2.16) lib/rails/rack/logger.rb:16:in `block in call'
  activesupport (3.2.16) lib/active_support/tagged_logging.rb:22:in `tagged'
  railties (3.2.16) lib/rails/rack/logger.rb:16:in `call'
  actionpack (3.2.16) lib/action_dispatch/middleware/request_id.rb:22:in `call'
  rack (1.4.5) lib/rack/methodoverride.rb:21:in `call'
  rack (1.4.5) lib/rack/runtime.rb:17:in `call'
  activesupport (3.2.16) lib/active_support/cache/strategy/local_cache.rb:72:in `call'
  rack (1.4.5) lib/rack/lock.rb:15:in `call'
  actionpack (3.2.16) lib/action_dispatch/middleware/static.rb:63:in `call'
  railties (3.2.16) lib/rails/engine.rb:484:in `call'
  railties (3.2.16) lib/rails/application.rb:231:in `call'
  rack (1.4.5) lib/rack/content_length.rb:14:in `call'
  railties (3.2.16) lib/rails/rack/log_tailer.rb:17:in `call'
  rack (1.4.5) lib/rack/handler/webrick.rb:59:in `service'
  /Users/ron/.rvm/rubies/ruby-2.1.0/lib/ruby/2.1.0/webrick/httpserver.rb:138:in `service'
  /Users/ron/.rvm/rubies/ruby-2.1.0/lib/ruby/2.1.0/webrick/httpserver.rb:94:in `run'
  /Users/ron/.rvm/rubies/ruby-2.1.0/lib/ruby/2.1.0/webrick/server.rb:295:in `block in start_thread'


  Rendered /Users/ron/.rvm/gems/ruby-2.1.0/gems/actionpack-3.2.16/lib/action_dispatch/middleware/templates/rescues/routing_error.erb within rescues/layout (0.4ms)


Started GET "/" for 127.0.0.1 at 2014-02-08 20:15:43 -0800

ActionController::RoutingError (uninitialized constant StaticController):
  activesupport (3.2.16) lib/active_support/inflector/methods.rb:230:in `block in constantize'
  activesupport (3.2.16) lib/active_support/inflector/methods.rb:229:in `each'
  activesupport (3.2.16) lib/active_support/inflector/methods.rb:229:in `constantize'
  actionpack (3.2.16) lib/action_dispatch/routing/route_set.rb:69:in `controller_reference'
  actionpack (3.2.16) lib/action_dispatch/routing/route_set.rb:54:in `controller'
  actionpack (3.2.16) lib/action_dispatch/routing/route_set.rb:32:in `call'
  journey (1.0.4) lib/journey/router.rb:68:in `block in call'
  journey (1.0.4) lib/journey/router.rb:56:in `each'
  journey (1.0.4) lib/journey/router.rb:56:in `call'
  actionpack (3.2.16) lib/action_dispatch/routing/route_set.rb:608:in `call'
  actionpack (3.2.16) lib/action_dispatch/middleware/best_standards_support.rb:17:in `call'
  rack (1.4.5) lib/rack/etag.rb:23:in `call'
  rack (1.4.5) lib/rack/conditionalget.rb:25:in `call'
  actionpack (3.2.16) lib/action_dispatch/middleware/head.rb:14:in `call'
  actionpack (3.2.16) lib/action_dispatch/middleware/params_parser.rb:21:in `call'
  actionpack (3.2.16) lib/action_dispatch/middleware/flash.rb:242:in `call'
  rack (1.4.5) lib/rack/session/abstract/id.rb:210:in `context'
  rack (1.4.5) lib/rack/session/abstract/id.rb:205:in `call'
  actionpack (3.2.16) lib/action_dispatch/middleware/cookies.rb:341:in `call'
  activerecord (3.2.16) lib/active_record/query_cache.rb:64:in `call'
  activerecord (3.2.16) lib/active_record/connection_adapters/abstract/connection_pool.rb:479:in `call'
  actionpack (3.2.16) lib/action_dispatch/middleware/callbacks.rb:28:in `block in call'
  activesupport (3.2.16) lib/active_support/callbacks.rb:405:in `_run__4432405505903953232__call__3351325139431060860__callbacks'
  activesupport (3.2.16) lib/active_support/callbacks.rb:405:in `__run_callback'
  activesupport (3.2.16) lib/active_support/callbacks.rb:385:in `_run_call_callbacks'
  activesupport (3.2.16) lib/active_support/callbacks.rb:81:in `run_callbacks'
  actionpack (3.2.16) lib/action_dispatch/middleware/callbacks.rb:27:in `call'
  actionpack (3.2.16) lib/action_dispatch/middleware/reloader.rb:65:in `call'
  actionpack (3.2.16) lib/action_dispatch/middleware/remote_ip.rb:31:in `call'
  actionpack (3.2.16) lib/action_dispatch/middleware/debug_exceptions.rb:16:in `call'
  actionpack (3.2.16) lib/action_dispatch/middleware/show_exceptions.rb:56:in `call'
  railties (3.2.16) lib/rails/rack/logger.rb:32:in `call_app'
  railties (3.2.16) lib/rails/rack/logger.rb:16:in `block in call'
  activesupport (3.2.16) lib/active_support/tagged_logging.rb:22:in `tagged'
  railties (3.2.16) lib/rails/rack/logger.rb:16:in `call'
  actionpack (3.2.16) lib/action_dispatch/middleware/request_id.rb:22:in `call'
  rack (1.4.5) lib/rack/methodoverride.rb:21:in `call'
  rack (1.4.5) lib/rack/runtime.rb:17:in `call'
  activesupport (3.2.16) lib/active_support/cache/strategy/local_cache.rb:72:in `call'
  rack (1.4.5) lib/rack/lock.rb:15:in `call'
  actionpack (3.2.16) lib/action_dispatch/middleware/static.rb:63:in `call'
  railties (3.2.16) lib/rails/engine.rb:484:in `call'
  railties (3.2.16) lib/rails/application.rb:231:in `call'
  rack (1.4.5) lib/rack/content_length.rb:14:in `call'
  railties (3.2.16) lib/rails/rack/log_tailer.rb:17:in `call'
  rack (1.4.5) lib/rack/handler/webrick.rb:59:in `service'
  /Users/ron/.rvm/rubies/ruby-2.1.0/lib/ruby/2.1.0/webrick/httpserver.rb:138:in `service'
  /Users/ron/.rvm/rubies/ruby-2.1.0/lib/ruby/2.1.0/webrick/httpserver.rb:94:in `run'
  /Users/ron/.rvm/rubies/ruby-2.1.0/lib/ruby/2.1.0/webrick/server.rb:295:in `block in start_thread'


  Rendered /Users/ron/.rvm/gems/ruby-2.1.0/gems/actionpack-3.2.16/lib/action_dispatch/middleware/templates/rescues/routing_error.erb within rescues/layout (0.5ms)


Started GET "/" for 127.0.0.1 at 2014-02-08 20:15:43 -0800

ActionController::RoutingError (uninitialized constant StaticController):
  activesupport (3.2.16) lib/active_support/inflector/methods.rb:230:in `block in constantize'
  activesupport (3.2.16) lib/active_support/inflector/methods.rb:229:in `each'
  activesupport (3.2.16) lib/active_support/inflector/methods.rb:229:in `constantize'
  actionpack (3.2.16) lib/action_dispatch/routing/route_set.rb:69:in `controller_reference'
  actionpack (3.2.16) lib/action_dispatch/routing/route_set.rb:54:in `controller'
  actionpack (3.2.16) lib/action_dispatch/routing/route_set.rb:32:in `call'
  journey (1.0.4) lib/journey/router.rb:68:in `block in call'
  journey (1.0.4) lib/journey/router.rb:56:in `each'
  journey (1.0.4) lib/journey/router.rb:56:in `call'
  actionpack (3.2.16) lib/action_dispatch/routing/route_set.rb:608:in `call'
  actionpack (3.2.16) lib/action_dispatch/middleware/best_standards_support.rb:17:in `call'
  rack (1.4.5) lib/rack/etag.rb:23:in `call'
  rack (1.4.5) lib/rack/conditionalget.rb:25:in `call'
  actionpack (3.2.16) lib/action_dispatch/middleware/head.rb:14:in `call'
  actionpack (3.2.16) lib/action_dispatch/middleware/params_parser.rb:21:in `call'
  actionpack (3.2.16) lib/action_dispatch/middleware/flash.rb:242:in `call'
  rack (1.4.5) lib/rack/session/abstract/id.rb:210:in `context'
  rack (1.4.5) lib/rack/session/abstract/id.rb:205:in `call'
  actionpack (3.2.16) lib/action_dispatch/middleware/cookies.rb:341:in `call'
  activerecord (3.2.16) lib/active_record/query_cache.rb:64:in `call'
  activerecord (3.2.16) lib/active_record/connection_adapters/abstract/connection_pool.rb:479:in `call'
  actionpack (3.2.16) lib/action_dispatch/middleware/callbacks.rb:28:in `block in call'
  activesupport (3.2.16) lib/active_support/callbacks.rb:405:in `_run__4432405505903953232__call__3351325139431060860__callbacks'
  activesupport (3.2.16) lib/active_support/callbacks.rb:405:in `__run_callback'
  activesupport (3.2.16) lib/active_support/callbacks.rb:385:in `_run_call_callbacks'
  activesupport (3.2.16) lib/active_support/callbacks.rb:81:in `run_callbacks'
  actionpack (3.2.16) lib/action_dispatch/middleware/callbacks.rb:27:in `call'
  actionpack (3.2.16) lib/action_dispatch/middleware/reloader.rb:65:in `call'
  actionpack (3.2.16) lib/action_dispatch/middleware/remote_ip.rb:31:in `call'
  actionpack (3.2.16) lib/action_dispatch/middleware/debug_exceptions.rb:16:in `call'
  actionpack (3.2.16) lib/action_dispatch/middleware/show_exceptions.rb:56:in `call'
  railties (3.2.16) lib/rails/rack/logger.rb:32:in `call_app'
  railties (3.2.16) lib/rails/rack/logger.rb:16:in `block in call'
  activesupport (3.2.16) lib/active_support/tagged_logging.rb:22:in `tagged'
  railties (3.2.16) lib/rails/rack/logger.rb:16:in `call'
  actionpack (3.2.16) lib/action_dispatch/middleware/request_id.rb:22:in `call'
  rack (1.4.5) lib/rack/methodoverride.rb:21:in `call'
  rack (1.4.5) lib/rack/runtime.rb:17:in `call'
  activesupport (3.2.16) lib/active_support/cache/strategy/local_cache.rb:72:in `call'
  rack (1.4.5) lib/rack/lock.rb:15:in `call'
  actionpack (3.2.16) lib/action_dispatch/middleware/static.rb:63:in `call'
  railties (3.2.16) lib/rails/engine.rb:484:in `call'
  railties (3.2.16) lib/rails/application.rb:231:in `call'
  rack (1.4.5) lib/rack/content_length.rb:14:in `call'
  railties (3.2.16) lib/rails/rack/log_tailer.rb:17:in `call'
  rack (1.4.5) lib/rack/handler/webrick.rb:59:in `service'
  /Users/ron/.rvm/rubies/ruby-2.1.0/lib/ruby/2.1.0/webrick/httpserver.rb:138:in `service'
  /Users/ron/.rvm/rubies/ruby-2.1.0/lib/ruby/2.1.0/webrick/httpserver.rb:94:in `run'
  /Users/ron/.rvm/rubies/ruby-2.1.0/lib/ruby/2.1.0/webrick/server.rb:295:in `block in start_thread'


  Rendered /Users/ron/.rvm/gems/ruby-2.1.0/gems/actionpack-3.2.16/lib/action_dispatch/middleware/templates/rescues/routing_error.erb within rescues/layout (0.5ms)


Started GET "/" for 127.0.0.1 at 2014-02-08 20:15:44 -0800

ActionController::RoutingError (uninitialized constant StaticController):
  activesupport (3.2.16) lib/active_support/inflector/methods.rb:230:in `block in constantize'
  activesupport (3.2.16) lib/active_support/inflector/methods.rb:229:in `each'
  activesupport (3.2.16) lib/active_support/inflector/methods.rb:229:in `constantize'
  actionpack (3.2.16) lib/action_dispatch/routing/route_set.rb:69:in `controller_reference'
  actionpack (3.2.16) lib/action_dispatch/routing/route_set.rb:54:in `controller'
  actionpack (3.2.16) lib/action_dispatch/routing/route_set.rb:32:in `call'
  journey (1.0.4) lib/journey/router.rb:68:in `block in call'
  journey (1.0.4) lib/journey/router.rb:56:in `each'
  journey (1.0.4) lib/journey/router.rb:56:in `call'
  actionpack (3.2.16) lib/action_dispatch/routing/route_set.rb:608:in `call'
  actionpack (3.2.16) lib/action_dispatch/middleware/best_standards_support.rb:17:in `call'
  rack (1.4.5) lib/rack/etag.rb:23:in `call'
  rack (1.4.5) lib/rack/conditionalget.rb:25:in `call'
  actionpack (3.2.16) lib/action_dispatch/middleware/head.rb:14:in `call'
  actionpack (3.2.16) lib/action_dispatch/middleware/params_parser.rb:21:in `call'
  actionpack (3.2.16) lib/action_dispatch/middleware/flash.rb:242:in `call'
  rack (1.4.5) lib/rack/session/abstract/id.rb:210:in `context'
  rack (1.4.5) lib/rack/session/abstract/id.rb:205:in `call'
  actionpack (3.2.16) lib/action_dispatch/middleware/cookies.rb:341:in `call'
  activerecord (3.2.16) lib/active_record/query_cache.rb:64:in `call'
  activerecord (3.2.16) lib/active_record/connection_adapters/abstract/connection_pool.rb:479:in `call'
  actionpack (3.2.16) lib/action_dispatch/middleware/callbacks.rb:28:in `block in call'
  activesupport (3.2.16) lib/active_support/callbacks.rb:405:in `_run__4432405505903953232__call__3351325139431060860__callbacks'
  activesupport (3.2.16) lib/active_support/callbacks.rb:405:in `__run_callback'
  activesupport (3.2.16) lib/active_support/callbacks.rb:385:in `_run_call_callbacks'
  activesupport (3.2.16) lib/active_support/callbacks.rb:81:in `run_callbacks'
  actionpack (3.2.16) lib/action_dispatch/middleware/callbacks.rb:27:in `call'
  actionpack (3.2.16) lib/action_dispatch/middleware/reloader.rb:65:in `call'
  actionpack (3.2.16) lib/action_dispatch/middleware/remote_ip.rb:31:in `call'
  actionpack (3.2.16) lib/action_dispatch/middleware/debug_exceptions.rb:16:in `call'
  actionpack (3.2.16) lib/action_dispatch/middleware/show_exceptions.rb:56:in `call'
  railties (3.2.16) lib/rails/rack/logger.rb:32:in `call_app'
  railties (3.2.16) lib/rails/rack/logger.rb:16:in `block in call'
  activesupport (3.2.16) lib/active_support/tagged_logging.rb:22:in `tagged'
  railties (3.2.16) lib/rails/rack/logger.rb:16:in `call'
  actionpack (3.2.16) lib/action_dispatch/middleware/request_id.rb:22:in `call'
  rack (1.4.5) lib/rack/methodoverride.rb:21:in `call'
  rack (1.4.5) lib/rack/runtime.rb:17:in `call'
  activesupport (3.2.16) lib/active_support/cache/strategy/local_cache.rb:72:in `call'
  rack (1.4.5) lib/rack/lock.rb:15:in `call'
  actionpack (3.2.16) lib/action_dispatch/middleware/static.rb:63:in `call'
  railties (3.2.16) lib/rails/engine.rb:484:in `call'
  railties (3.2.16) lib/rails/application.rb:231:in `call'
  rack (1.4.5) lib/rack/content_length.rb:14:in `call'
  railties (3.2.16) lib/rails/rack/log_tailer.rb:17:in `call'
  rack (1.4.5) lib/rack/handler/webrick.rb:59:in `service'
  /Users/ron/.rvm/rubies/ruby-2.1.0/lib/ruby/2.1.0/webrick/httpserver.rb:138:in `service'
  /Users/ron/.rvm/rubies/ruby-2.1.0/lib/ruby/2.1.0/webrick/httpserver.rb:94:in `run'
  /Users/ron/.rvm/rubies/ruby-2.1.0/lib/ruby/2.1.0/webrick/server.rb:295:in `block in start_thread'


  Rendered /Users/ron/.rvm/gems/ruby-2.1.0/gems/actionpack-3.2.16/lib/action_dispatch/middleware/templates/rescues/routing_error.erb within rescues/layout (0.5ms)


Started GET "/" for 127.0.0.1 at 2014-02-08 20:15:44 -0800

ActionController::RoutingError (uninitialized constant StaticController):
  activesupport (3.2.16) lib/active_support/inflector/methods.rb:230:in `block in constantize'
  activesupport (3.2.16) lib/active_support/inflector/methods.rb:229:in `each'
  activesupport (3.2.16) lib/active_support/inflector/methods.rb:229:in `constantize'
  actionpack (3.2.16) lib/action_dispatch/routing/route_set.rb:69:in `controller_reference'
  actionpack (3.2.16) lib/action_dispatch/routing/route_set.rb:54:in `controller'
  actionpack (3.2.16) lib/action_dispatch/routing/route_set.rb:32:in `call'
  journey (1.0.4) lib/journey/router.rb:68:in `block in call'
  journey (1.0.4) lib/journey/router.rb:56:in `each'
  journey (1.0.4) lib/journey/router.rb:56:in `call'
  actionpack (3.2.16) lib/action_dispatch/routing/route_set.rb:608:in `call'
  actionpack (3.2.16) lib/action_dispatch/middleware/best_standards_support.rb:17:in `call'
  rack (1.4.5) lib/rack/etag.rb:23:in `call'
  rack (1.4.5) lib/rack/conditionalget.rb:25:in `call'
  actionpack (3.2.16) lib/action_dispatch/middleware/head.rb:14:in `call'
  actionpack (3.2.16) lib/action_dispatch/middleware/params_parser.rb:21:in `call'
  actionpack (3.2.16) lib/action_dispatch/middleware/flash.rb:242:in `call'
  rack (1.4.5) lib/rack/session/abstract/id.rb:210:in `context'
  rack (1.4.5) lib/rack/session/abstract/id.rb:205:in `call'
  actionpack (3.2.16) lib/action_dispatch/middleware/cookies.rb:341:in `call'
  activerecord (3.2.16) lib/active_record/query_cache.rb:64:in `call'
  activerecord (3.2.16) lib/active_record/connection_adapters/abstract/connection_pool.rb:479:in `call'
  actionpack (3.2.16) lib/action_dispatch/middleware/callbacks.rb:28:in `block in call'
  activesupport (3.2.16) lib/active_support/callbacks.rb:405:in `_run__4432405505903953232__call__3351325139431060860__callbacks'
  activesupport (3.2.16) lib/active_support/callbacks.rb:405:in `__run_callback'
  activesupport (3.2.16) lib/active_support/callbacks.rb:385:in `_run_call_callbacks'
  activesupport (3.2.16) lib/active_support/callbacks.rb:81:in `run_callbacks'
  actionpack (3.2.16) lib/action_dispatch/middleware/callbacks.rb:27:in `call'
  actionpack (3.2.16) lib/action_dispatch/middleware/reloader.rb:65:in `call'
  actionpack (3.2.16) lib/action_dispatch/middleware/remote_ip.rb:31:in `call'
  actionpack (3.2.16) lib/action_dispatch/middleware/debug_exceptions.rb:16:in `call'
  actionpack (3.2.16) lib/action_dispatch/middleware/show_exceptions.rb:56:in `call'
  railties (3.2.16) lib/rails/rack/logger.rb:32:in `call_app'
  railties (3.2.16) lib/rails/rack/logger.rb:16:in `block in call'
  activesupport (3.2.16) lib/active_support/tagged_logging.rb:22:in `tagged'
  railties (3.2.16) lib/rails/rack/logger.rb:16:in `call'
  actionpack (3.2.16) lib/action_dispatch/middleware/request_id.rb:22:in `call'
  rack (1.4.5) lib/rack/methodoverride.rb:21:in `call'
  rack (1.4.5) lib/rack/runtime.rb:17:in `call'
  activesupport (3.2.16) lib/active_support/cache/strategy/local_cache.rb:72:in `call'
  rack (1.4.5) lib/rack/lock.rb:15:in `call'
  actionpack (3.2.16) lib/action_dispatch/middleware/static.rb:63:in `call'
  railties (3.2.16) lib/rails/engine.rb:484:in `call'
  railties (3.2.16) lib/rails/application.rb:231:in `call'
  rack (1.4.5) lib/rack/content_length.rb:14:in `call'
  railties (3.2.16) lib/rails/rack/log_tailer.rb:17:in `call'
  rack (1.4.5) lib/rack/handler/webrick.rb:59:in `service'
  /Users/ron/.rvm/rubies/ruby-2.1.0/lib/ruby/2.1.0/webrick/httpserver.rb:138:in `service'
  /Users/ron/.rvm/rubies/ruby-2.1.0/lib/ruby/2.1.0/webrick/httpserver.rb:94:in `run'
  /Users/ron/.rvm/rubies/ruby-2.1.0/lib/ruby/2.1.0/webrick/server.rb:295:in `block in start_thread'


  Rendered /Users/ron/.rvm/gems/ruby-2.1.0/gems/actionpack-3.2.16/lib/action_dispatch/middleware/templates/rescues/routing_error.erb within rescues/layout (0.5ms)


Started GET "/" for 127.0.0.1 at 2014-02-08 20:15:51 -0800
Processing by StaticPagesController#home as HTML
  Rendered static_pages/home.html within layouts/application (0.2ms)
Compiled application.css  (0ms)  (pid 41598)
Compiled jquery.js  (3ms)  (pid 41598)
Compiled jquery_ujs.js  (0ms)  (pid 41598)
Compiled lib/bootstrap-datepicker.js  (1ms)  (pid 41598)
Compiled application.js  (16ms)  (pid 41598)
Completed 200 OK in 34.1ms (Views: 33.8ms | ActiveRecord: 0.0ms)


Started GET "/assets/application.css?body=1" for 127.0.0.1 at 2014-02-08 20:15:51 -0800
Served asset /application.css - 200 OK (2ms)


Started GET "/assets/jquery.js?body=1" for 127.0.0.1 at 2014-02-08 20:15:51 -0800
Served asset /jquery.js - 200 OK (3ms)


Started GET "/assets/jquery_ujs.js?body=1" for 127.0.0.1 at 2014-02-08 20:15:51 -0800
Served asset /jquery_ujs.js - 200 OK (2ms)


Started GET "/assets/application.js?body=1" for 127.0.0.1 at 2014-02-08 20:15:51 -0800
Served asset /application.js - 200 OK (3ms)


Started GET "/assets/lib/bootstrap-datepicker.js?body=1" for 127.0.0.1 at 2014-02-08 20:15:51 -0800
Served asset /lib/bootstrap-datepicker.js - 200 OK (1ms)


Started GET "/assets/application.css?body=1" for 127.0.0.1 at 2014-02-08 20:16:00 -0800
Served asset /application.css - 304 Not Modified (0ms)


Started GET "/assets/application.js?body=1" for 127.0.0.1 at 2014-02-08 20:16:07 -0800
Served asset /application.js - 304 Not Modified (0ms)


Started GET "/" for 127.0.0.1 at 2014-02-08 20:16:28 -0800
Processing by StaticPagesController#home as HTML
  Rendered static_pages/home.html within layouts/application (0.0ms)
Compiled application.js  (2ms)  (pid 41598)
Completed 200 OK in 13.9ms (Views: 13.8ms | ActiveRecord: 0.0ms)


Started GET "/assets/application.js?body=1" for 127.0.0.1 at 2014-02-08 20:16:30 -0800
Served asset /application.js - 200 OK (4ms)


Started GET "/assets/application.js?body=1" for 127.0.0.1 at 2014-02-08 20:16:31 -0800
Served asset /application.js - 304 Not Modified (0ms)


Started GET "/assets/application.js?body=1" for 127.0.0.1 at 2014-02-08 20:16:32 -0800
Served asset /application.js - 304 Not Modified (0ms)


Started GET "/assets/application.js?body=1" for 127.0.0.1 at 2014-02-08 20:16:34 -0800
Served asset /application.js - 304 Not Modified (0ms)


Started GET "/assets/application.js?body=1" for 127.0.0.1 at 2014-02-08 20:17:10 -0800
Compiled application.js  (2ms)  (pid 41598)
Served asset /application.js - 304 Not Modified (7ms)


Started GET "/assets/application.js" for 127.0.0.1 at 2014-02-08 20:17:14 -0800
Served asset /application.js - 200 OK (4ms)


Started GET "/assets/application.js" for 127.0.0.1 at 2014-02-08 20:17:16 -0800
Served asset /application.js - 304 Not Modified (0ms)


Started GET "/assets/application.js" for 127.0.0.1 at 2014-02-08 20:17:17 -0800
Served asset /application.js - 304 Not Modified (0ms)


Started GET "/assets/application.js" for 127.0.0.1 at 2014-02-08 20:17:17 -0800
Served asset /application.js - 304 Not Modified (0ms)


Started GET "/" for 127.0.0.1 at 2014-02-08 20:17:24 -0800
Processing by StaticPagesController#home as HTML
  Rendered static_pages/home.html within layouts/application (0.0ms)
Completed 200 OK in 4.7ms (Views: 4.5ms | ActiveRecord: 0.0ms)


Started GET "/" for 127.0.0.1 at 2014-02-08 20:17:26 -0800
Processing by StaticPagesController#home as HTML
  Rendered static_pages/home.html within layouts/application (0.0ms)
Completed 200 OK in 2.8ms (Views: 2.7ms | ActiveRecord: 0.0ms)


Started GET "/assets/application.css?body=1" for 127.0.0.1 at 2014-02-08 20:17:26 -0800
Served asset /application.css - 304 Not Modified (0ms)


Started GET "/assets/jquery.js?body=1" for 127.0.0.1 at 2014-02-08 20:17:26 -0800
Served asset /jquery.js - 304 Not Modified (0ms)


Started GET "/assets/jquery_ujs.js?body=1" for 127.0.0.1 at 2014-02-08 20:17:26 -0800
Served asset /jquery_ujs.js - 304 Not Modified (0ms)


Started GET "/assets/lib/bootstrap-datepicker.js?body=1" for 127.0.0.1 at 2014-02-08 20:17:26 -0800
Served asset /lib/bootstrap-datepicker.js - 304 Not Modified (0ms)


Started GET "/assets/application.js?body=1" for 127.0.0.1 at 2014-02-08 20:17:26 -0800
Served asset /application.js - 304 Not Modified (0ms)


Started GET "/assets/application.js?body=1" for 127.0.0.1 at 2014-02-08 20:17:30 -0800
Served asset /application.js - 304 Not Modified (0ms)


Started GET "/" for 127.0.0.1 at 2014-02-08 20:17:37 -0800
Processing by StaticPagesController#home as HTML
  Rendered static_pages/home.html within layouts/application (0.1ms)
Completed 200 OK in 4.4ms (Views: 4.3ms | ActiveRecord: 0.0ms)


Started GET "/assets/application.css?body=1" for 127.0.0.1 at 2014-02-08 20:17:37 -0800
Served asset /application.css - 304 Not Modified (0ms)


Started GET "/assets/jquery.js?body=1" for 127.0.0.1 at 2014-02-08 20:17:37 -0800
Served asset /jquery.js - 304 Not Modified (0ms)


Started GET "/assets/jquery_ujs.js?body=1" for 127.0.0.1 at 2014-02-08 20:17:37 -0800
Served asset /jquery_ujs.js - 304 Not Modified (0ms)


Started GET "/assets/application.js?body=1" for 127.0.0.1 at 2014-02-08 20:17:37 -0800
Served asset /application.js - 304 Not Modified (0ms)


Started GET "/assets/lib/bootstrap-datepicker.js?body=1" for 127.0.0.1 at 2014-02-08 20:17:37 -0800
Served asset /lib/bootstrap-datepicker.js - 304 Not Modified (0ms)


Started GET "/assets/application.js?body=1" for 127.0.0.1 at 2014-02-08 20:17:42 -0800
Served asset /application.js - 304 Not Modified (0ms)


Started GET "/assets/application.js?body=2" for 127.0.0.1 at 2014-02-08 20:17:45 -0800
Served asset /application.js - 200 OK (0ms)


Started GET "/assets/application.js?body=3" for 127.0.0.1 at 2014-02-08 20:17:47 -0800
Served asset /application.js - 200 OK (0ms)


Started GET "/assets/application.js?body=1" for 127.0.0.1 at 2014-02-08 20:17:56 -0800
Connecting to database specified by database.yml
Served asset /application.js - 304 Not Modified (3ms)


Started GET "/assets/application.js?body=1" for 127.0.0.1 at 2014-02-08 20:17:58 -0800
Served asset /application.js - 304 Not Modified (0ms)


Started GET "/assets/application.js?body=1" for 127.0.0.1 at 2014-02-08 20:17:58 -0800
Served asset /application.js - 304 Not Modified (0ms)


Started GET "/" for 127.0.0.1 at 2014-02-08 20:18:00 -0800
Processing by StaticPagesController#home as HTML
  Rendered static_pages/home.html within layouts/application (0.7ms)
Completed 200 OK in 12.8ms (Views: 12.5ms | ActiveRecord: 0.0ms)


Started GET "/" for 127.0.0.1 at 2014-02-08 20:18:01 -0800
Processing by StaticPagesController#home as HTML
  Rendered static_pages/home.html within layouts/application (0.0ms)
Completed 200 OK in 2.8ms (Views: 2.7ms | ActiveRecord: 0.0ms)


Started GET "/" for 127.0.0.1 at 2014-02-08 20:18:02 -0800
Processing by StaticPagesController#home as HTML
  Rendered static_pages/home.html within layouts/application (0.0ms)
Completed 200 OK in 2.9ms (Views: 2.8ms | ActiveRecord: 0.0ms)


Started GET "/assets/application.css?body=1" for 127.0.0.1 at 2014-02-08 20:18:02 -0800
Served asset /application.css - 304 Not Modified (1ms)


Started GET "/assets/jquery.js?body=1" for 127.0.0.1 at 2014-02-08 20:18:02 -0800
Served asset /jquery.js - 304 Not Modified (6ms)


Started GET "/assets/lib/bootstrap-datepicker.js?body=1" for 127.0.0.1 at 2014-02-08 20:18:02 -0800
Served asset /lib/bootstrap-datepicker.js - 304 Not Modified (1ms)


Started GET "/assets/jquery_ujs.js?body=1" for 127.0.0.1 at 2014-02-08 20:18:02 -0800
Served asset /jquery_ujs.js - 304 Not Modified (2ms)


Started GET "/assets/application.js?body=1" for 127.0.0.1 at 2014-02-08 20:18:02 -0800
Served asset /application.js - 304 Not Modified (0ms)


Started GET "/" for 127.0.0.1 at 2014-02-08 20:18:06 -0800
Processing by StaticPagesController#home as HTML
  Rendered static_pages/home.html within layouts/application (0.0ms)
Completed 200 OK in 2.7ms (Views: 2.6ms | ActiveRecord: 0.0ms)


Started GET "/" for 127.0.0.1 at 2014-02-08 20:19:17 -0800
Processing by StaticPagesController#home as HTML
  Rendered static_pages/home.html within layouts/application (0.3ms)
Completed 200 OK in 3.9ms (Views: 3.8ms | ActiveRecord: 0.0ms)


Started GET "/" for 127.0.0.1 at 2014-02-08 20:19:18 -0800
Processing by StaticPagesController#home as HTML
  Rendered static_pages/home.html within layouts/application (0.0ms)
Completed 200 OK in 5.3ms (Views: 5.2ms | ActiveRecord: 0.0ms)


Started GET "/" for 127.0.0.1 at 2014-02-08 20:20:05 -0800
Processing by StaticPagesController#home as HTML
  Rendered static_pages/home.html within layouts/application (0.0ms)
Completed 200 OK in 2.7ms (Views: 2.7ms | ActiveRecord: 0.0ms)


Started GET "/" for 127.0.0.1 at 2014-02-08 20:20:10 -0800
Processing by StaticPagesController#home as HTML
  Rendered static_pages/home.html within layouts/application (0.0ms)
Completed 200 OK in 3.2ms (Views: 3.1ms | ActiveRecord: 0.0ms)


Started GET "/assets/application.css?body=1" for 127.0.0.1 at 2014-02-08 20:20:10 -0800
Served asset /application.css - 304 Not Modified (0ms)


Started GET "/assets/jquery_ujs.js?body=1" for 127.0.0.1 at 2014-02-08 20:20:10 -0800
Served asset /jquery_ujs.js - 304 Not Modified (0ms)


Started GET "/assets/jquery.js?body=1" for 127.0.0.1 at 2014-02-08 20:20:10 -0800
Served asset /jquery.js - 304 Not Modified (0ms)


Started GET "/assets/lib/bootstrap-datepicker.js?body=1" for 127.0.0.1 at 2014-02-08 20:20:10 -0800
Served asset /lib/bootstrap-datepicker.js - 304 Not Modified (0ms)


Started GET "/assets/application.js?body=1" for 127.0.0.1 at 2014-02-08 20:20:10 -0800
Served asset /application.js - 304 Not Modified (0ms)


Started GET "/assets/application.js?body=1" for 127.0.0.1 at 2014-02-08 20:20:14 -0800
Served asset /application.js - 304 Not Modified (0ms)


Started GET "/" for 127.0.0.1 at 2014-02-08 20:20:22 -0800
Processing by StaticPagesController#home as HTML
  Rendered static_pages/home.html within layouts/application (0.3ms)
Completed 200 OK in 3.5ms (Views: 3.4ms | ActiveRecord: 0.0ms)


Started GET "/assets/application.css?body=1" for 127.0.0.1 at 2014-02-08 20:20:23 -0800
Served asset /application.css - 304 Not Modified (0ms)


Started GET "/assets/jquery.js?body=1" for 127.0.0.1 at 2014-02-08 20:20:23 -0800
Served asset /jquery.js - 304 Not Modified (0ms)


Started GET "/assets/jquery_ujs.js?body=1" for 127.0.0.1 at 2014-02-08 20:20:23 -0800
Served asset /jquery_ujs.js - 304 Not Modified (0ms)


Started GET "/assets/lib/bootstrap-datepicker.js?body=1" for 127.0.0.1 at 2014-02-08 20:20:23 -0800
Served asset /lib/bootstrap-datepicker.js - 304 Not Modified (0ms)


Started GET "/assets/application.js?body=1" for 127.0.0.1 at 2014-02-08 20:20:23 -0800
Served asset /application.js - 304 Not Modified (0ms)


Started GET "/" for 127.0.0.1 at 2014-02-08 20:21:01 -0800
Processing by StaticPagesController#home as HTML
  Rendered static_pages/home.html within layouts/application (0.0ms)
Completed 200 OK in 7.6ms (Views: 7.5ms | ActiveRecord: 0.0ms)


Started GET "/assets/application.css?body=1" for 127.0.0.1 at 2014-02-08 20:21:01 -0800
Served asset /application.css - 304 Not Modified (0ms)


Started GET "/assets/jquery.js?body=1" for 127.0.0.1 at 2014-02-08 20:21:01 -0800
Served asset /jquery.js - 304 Not Modified (0ms)


Started GET "/assets/jquery_ujs.js?body=1" for 127.0.0.1 at 2014-02-08 20:21:01 -0800
Served asset /jquery_ujs.js - 304 Not Modified (0ms)


Started GET "/assets/lib/bootstrap-datepicker.js?body=1" for 127.0.0.1 at 2014-02-08 20:21:01 -0800
Served asset /lib/bootstrap-datepicker.js - 304 Not Modified (0ms)


Started GET "/assets/application.js?body=1" for 127.0.0.1 at 2014-02-08 20:21:01 -0800
Served asset /application.js - 304 Not Modified (0ms)


Started GET "/assets/lib/bootstrap-datepicker.js?body=1" for 127.0.0.1 at 2014-02-08 20:21:05 -0800
Served asset /lib/bootstrap-datepicker.js - 304 Not Modified (0ms)


Started GET "/" for 127.0.0.1 at 2014-02-08 20:21:23 -0800
Processing by StaticPagesController#home as HTML
  Rendered static_pages/home.html within layouts/application (0.0ms)
Compiled application.js  (1ms)  (pid 41654)
Completed 200 OK in 10.5ms (Views: 10.3ms | ActiveRecord: 0.0ms)


Started GET "/assets/application.css?body=1" for 127.0.0.1 at 2014-02-08 20:21:23 -0800
Served asset /application.css - 304 Not Modified (0ms)


Started GET "/assets/lib/bootstrap-datepicker.js?body=1" for 127.0.0.1 at 2014-02-08 20:21:23 -0800
Served asset /lib/bootstrap-datepicker.js - 304 Not Modified (0ms)


Started GET "/assets/application.js?body=1" for 127.0.0.1 at 2014-02-08 20:21:23 -0800
Served asset /application.js - 200 OK (1ms)


Started GET "/" for 127.0.0.1 at 2014-02-08 20:21:24 -0800
Processing by StaticPagesController#home as HTML
  Rendered static_pages/home.html within layouts/application (0.0ms)
Completed 200 OK in 2.4ms (Views: 2.4ms | ActiveRecord: 0.0ms)


Started GET "/assets/application.css?body=1" for 127.0.0.1 at 2014-02-08 20:21:24 -0800
Served asset /application.css - 304 Not Modified (0ms)


Started GET "/assets/lib/bootstrap-datepicker.js?body=1" for 127.0.0.1 at 2014-02-08 20:21:24 -0800
Served asset /lib/bootstrap-datepicker.js - 304 Not Modified (0ms)


Started GET "/assets/application.js?body=1" for 127.0.0.1 at 2014-02-08 20:21:24 -0800
Served asset /application.js - 304 Not Modified (0ms)


Started GET "/" for 127.0.0.1 at 2014-02-08 20:21:28 -0800
Processing by StaticPagesController#home as HTML
  Rendered static_pages/home.html within layouts/application (0.0ms)
Compiled application.js  (2ms)  (pid 41654)
Completed 200 OK in 11.7ms (Views: 11.6ms | ActiveRecord: 0.0ms)


Started GET "/assets/application.css?body=1" for 127.0.0.1 at 2014-02-08 20:21:28 -0800
Served asset /application.css - 304 Not Modified (0ms)


Started GET "/assets/jquery.js?body=1" for 127.0.0.1 at 2014-02-08 20:21:28 -0800
Served asset /jquery.js - 304 Not Modified (0ms)


Started GET "/assets/jquery_ujs.js?body=1" for 127.0.0.1 at 2014-02-08 20:21:28 -0800
Served asset /jquery_ujs.js - 304 Not Modified (0ms)


Started GET "/assets/lib/bootstrap-datepicker.js?body=1" for 127.0.0.1 at 2014-02-08 20:21:28 -0800
Served asset /lib/bootstrap-datepicker.js - 304 Not Modified (0ms)


Started GET "/assets/application.js?body=1" for 127.0.0.1 at 2014-02-08 20:21:28 -0800
Served asset /application.js - 200 OK (3ms)


Started GET "/" for 127.0.0.1 at 2014-02-08 20:21:29 -0800
Processing by StaticPagesController#home as HTML
  Rendered static_pages/home.html within layouts/application (0.0ms)
Completed 200 OK in 2.8ms (Views: 2.7ms | ActiveRecord: 0.0ms)


Started GET "/assets/application.css?body=1" for 127.0.0.1 at 2014-02-08 20:21:29 -0800
Served asset /application.css - 304 Not Modified (0ms)


Started GET "/assets/jquery_ujs.js?body=1" for 127.0.0.1 at 2014-02-08 20:21:29 -0800
Served asset /jquery_ujs.js - 304 Not Modified (0ms)


Started GET "/assets/jquery.js?body=1" for 127.0.0.1 at 2014-02-08 20:21:29 -0800
Served asset /jquery.js - 304 Not Modified (0ms)


Started GET "/assets/lib/bootstrap-datepicker.js?body=1" for 127.0.0.1 at 2014-02-08 20:21:29 -0800
Served asset /lib/bootstrap-datepicker.js - 304 Not Modified (0ms)


Started GET "/assets/application.js?body=1" for 127.0.0.1 at 2014-02-08 20:21:29 -0800
Served asset /application.js - 304 Not Modified (0ms)


Started GET "/assets/application.js?body=1" for 127.0.0.1 at 2014-02-08 20:21:34 -0800
Served asset /application.js - 304 Not Modified (0ms)


Started GET "/" for 127.0.0.1 at 2014-02-08 20:21:40 -0800
Processing by StaticPagesController#home as HTML
  Rendered static_pages/home.html within layouts/application (0.0ms)
Compiled application.js  (1ms)  (pid 41654)
Completed 200 OK in 10.3ms (Views: 10.2ms | ActiveRecord: 0.0ms)


Started GET "/" for 127.0.0.1 at 2014-02-08 20:21:41 -0800
Processing by StaticPagesController#home as HTML
  Rendered static_pages/home.html within layouts/application (0.0ms)
Completed 200 OK in 3.6ms (Views: 3.4ms | ActiveRecord: 0.0ms)


Started GET "/" for 127.0.0.1 at 2014-02-08 20:21:41 -0800
Processing by StaticPagesController#home as HTML
  Rendered static_pages/home.html within layouts/application (0.0ms)
Completed 200 OK in 3.1ms (Views: 3.0ms | ActiveRecord: 0.0ms)


Started GET "/assets/application.js?body=1" for 127.0.0.1 at 2014-02-08 20:21:44 -0800
Served asset /application.js - 304 Not Modified (3ms)


Started GET "/assets/lib/bootstrap-datepicker.js?body=1" for 127.0.0.1 at 2014-02-08 20:21:46 -0800
Served asset /lib/bootstrap-datepicker.js - 304 Not Modified (0ms)


Started GET "/" for 127.0.0.1 at 2014-02-08 20:26:03 -0800
Processing by StaticPagesController#home as HTML
  Rendered static_pages/home.html within layouts/application (0.0ms)
Compiled bootstrap-responsive.css  (0ms)  (pid 41654)
Compiled bootstrap.css  (0ms)  (pid 41654)
Compiled application.css  (6ms)  (pid 41654)
Compiled lib/bootstrap.js  (0ms)  (pid 41654)
Compiled application.js  (4ms)  (pid 41654)
Completed 200 OK in 62.2ms (Views: 62.1ms | ActiveRecord: 0.0ms)


Started GET "/assets/application.css?body=1" for 127.0.0.1 at 2014-02-08 20:26:03 -0800
Served asset /application.css - 200 OK (4ms)


Started GET "/assets/bootstrap-responsive.css?body=1" for 127.0.0.1 at 2014-02-08 20:26:03 -0800
Served asset /bootstrap-responsive.css - 200 OK (4ms)


Started GET "/assets/bootstrap.css?body=1" for 127.0.0.1 at 2014-02-08 20:26:03 -0800
Served asset /bootstrap.css - 200 OK (2ms)


Started GET "/assets/jquery.js?body=1" for 127.0.0.1 at 2014-02-08 20:26:03 -0800
Served asset /jquery.js - 304 Not Modified (0ms)


Started GET "/assets/jquery_ujs.js?body=1" for 127.0.0.1 at 2014-02-08 20:26:03 -0800
Served asset /jquery_ujs.js - 304 Not Modified (0ms)


Started GET "/assets/lib/bootstrap-datepicker.js?body=1" for 127.0.0.1 at 2014-02-08 20:26:03 -0800
Served asset /lib/bootstrap-datepicker.js - 304 Not Modified (0ms)


Started GET "/assets/lib/bootstrap.js?body=1" for 127.0.0.1 at 2014-02-08 20:26:03 -0800
Served asset /lib/bootstrap.js - 200 OK (1ms)


Started GET "/assets/bootstrap" for 127.0.0.1 at 2014-02-08 20:26:03 -0800
Served asset /bootstrap - 200 OK (4ms)


Started GET "/assets/bootstrap-responsive" for 127.0.0.1 at 2014-02-08 20:26:03 -0800
Served asset /bootstrap-responsive - 200 OK (3ms)


Started GET "/assets/application.js?body=1" for 127.0.0.1 at 2014-02-08 20:26:03 -0800
Served asset /application.js - 304 Not Modified (6ms)


Started GET "/assets/application.css?body=1" for 127.0.0.1 at 2014-02-08 20:26:07 -0800
Served asset /application.css - 304 Not Modified (0ms)


Started GET "/" for 127.0.0.1 at 2014-02-08 20:26:33 -0800
Processing by StaticPagesController#home as HTML
  Rendered static_pages/home.html within layouts/application (0.0ms)
Completed 200 OK in 3.8ms (Views: 3.7ms | ActiveRecord: 0.0ms)


Started GET "/" for 127.0.0.1 at 2014-02-08 20:26:34 -0800
Processing by StaticPagesController#home as HTML
  Rendered static_pages/home.html within layouts/application (0.0ms)
Completed 200 OK in 3.0ms (Views: 2.9ms | ActiveRecord: 0.0ms)


Started GET "/assets/lib/bootstrap.js?body=1" for 127.0.0.1 at 2014-02-08 20:26:35 -0800
Served asset /lib/bootstrap.js - 304 Not Modified (0ms)


Started GET "/" for 127.0.0.1 at 2014-02-10 15:35:11 -0800
Connecting to database specified by database.yml
Processing by StaticPagesController#home as HTML
  Rendered static_pages/home.html.erb within layouts/application (1.4ms)
  Rendered shared/_header.html.erb (0.4ms)
Completed 200 OK in 31.2ms (Views: 30.9ms | ActiveRecord: 0.0ms)


Started GET "/assets/bootstrap.css?body=1" for 127.0.0.1 at 2014-02-10 15:35:11 -0800
Served asset /bootstrap.css - 200 OK (3ms)


Started GET "/assets/bootstrap-responsive.css?body=1" for 127.0.0.1 at 2014-02-10 15:35:11 -0800
Served asset /bootstrap-responsive.css - 200 OK (1ms)


Started GET "/assets/application.css?body=1" for 127.0.0.1 at 2014-02-10 15:35:11 -0800
Served asset /application.css - 200 OK (5ms)


Started GET "/assets/datepicker.css?body=1" for 127.0.0.1 at 2014-02-10 15:35:11 -0800
Served asset /datepicker.css - 200 OK (1ms)


Started GET "/assets/jquery.js?body=1" for 127.0.0.1 at 2014-02-10 15:35:11 -0800
Served asset /jquery.js - 200 OK (3ms)


Started GET "/assets/jquery_ujs.js?body=1" for 127.0.0.1 at 2014-02-10 15:35:11 -0800
Served asset /jquery_ujs.js - 200 OK (2ms)


Started GET "/assets/lib/angular.js?body=1" for 127.0.0.1 at 2014-02-10 15:35:11 -0800
Served asset /lib/angular.js - 200 OK (2ms)


Started GET "/assets/lib/angularstrap.js?body=1" for 127.0.0.1 at 2014-02-10 15:35:11 -0800
Served asset /lib/angularstrap.js - 200 OK (1ms)


Started GET "/assets/lib/bootstrap-datepicker.js?body=1" for 127.0.0.1 at 2014-02-10 15:35:11 -0800
Served asset /lib/bootstrap-datepicker.js - 200 OK (2ms)


Started GET "/assets/lib/bootstrap.js?body=1" for 127.0.0.1 at 2014-02-10 15:35:11 -0800
Served asset /lib/bootstrap.js - 200 OK (3ms)


Started GET "/assets/application.js?body=1" for 127.0.0.1 at 2014-02-10 15:35:11 -0800
Served asset /application.js - 200 OK (7ms)


Started GET "/dropdown" for 127.0.0.1 at 2014-02-10 15:35:13 -0800
Processing by StaticPagesController#dropdown as HTML
  Rendered static_pages/dropdown.html.erb within layouts/application (0.7ms)
  Rendered shared/_header.html.erb (0.0ms)
Completed 200 OK in 5.2ms (Views: 4.9ms | ActiveRecord: 0.0ms)


Started GET "/assets/dropdown.png" for 127.0.0.1 at 2014-02-10 15:35:13 -0800
Served asset /dropdown.png - 200 OK (1ms)


Started GET "/" for 127.0.0.1 at 2014-02-10 15:35:16 -0800
Processing by StaticPagesController#home as HTML
  Rendered static_pages/home.html.erb within layouts/application (0.1ms)
  Rendered shared/_header.html.erb (0.0ms)
Completed 200 OK in 4.2ms (Views: 4.1ms | ActiveRecord: 0.0ms)


Started GET "/" for 127.0.0.1 at 2014-02-10 15:38:59 -0800
Processing by StaticPagesController#home as HTML
  Rendered static_pages/home.html.erb within layouts/application (0.4ms)
  Rendered shared/_header.html.erb (0.4ms)
Completed 200 OK in 5.1ms (Views: 5.0ms | ActiveRecord: 0.0ms)


Started GET "/assets/datepicker.css?body=1" for 127.0.0.1 at 2014-02-10 15:39:00 -0800
Served asset /datepicker.css - 304 Not Modified (0ms)


Started GET "/assets/bootstrap-responsive.css?body=1" for 127.0.0.1 at 2014-02-10 15:39:00 -0800
Served asset /bootstrap-responsive.css - 304 Not Modified (0ms)


Started GET "/assets/bootstrap.css?body=1" for 127.0.0.1 at 2014-02-10 15:39:00 -0800
Served asset /bootstrap.css - 304 Not Modified (0ms)


Started GET "/assets/application.css?body=1" for 127.0.0.1 at 2014-02-10 15:39:00 -0800
Served asset /application.css - 304 Not Modified (0ms)


Started GET "/assets/jquery_ujs.js?body=1" for 127.0.0.1 at 2014-02-10 15:39:00 -0800
Served asset /jquery_ujs.js - 304 Not Modified (0ms)


Started GET "/assets/jquery.js?body=1" for 127.0.0.1 at 2014-02-10 15:39:00 -0800
Served asset /jquery.js - 304 Not Modified (0ms)


Started GET "/assets/lib/angular.js?body=1" for 127.0.0.1 at 2014-02-10 15:39:00 -0800
Served asset /lib/angular.js - 304 Not Modified (0ms)


Started GET "/assets/lib/angularstrap.js?body=1" for 127.0.0.1 at 2014-02-10 15:39:00 -0800
Served asset /lib/angularstrap.js - 304 Not Modified (0ms)


Started GET "/assets/lib/bootstrap-datepicker.js?body=1" for 127.0.0.1 at 2014-02-10 15:39:00 -0800
Served asset /lib/bootstrap-datepicker.js - 304 Not Modified (0ms)


Started GET "/assets/lib/bootstrap.js?body=1" for 127.0.0.1 at 2014-02-10 15:39:00 -0800
Served asset /lib/bootstrap.js - 304 Not Modified (0ms)


Started GET "/assets/application.js?body=1" for 127.0.0.1 at 2014-02-10 15:39:00 -0800
Served asset /application.js - 304 Not Modified (0ms)


Started GET "/dropdown" for 127.0.0.1 at 2014-02-10 15:39:01 -0800
Processing by StaticPagesController#dropdown as HTML
  Rendered static_pages/dropdown.html.erb within layouts/application (0.6ms)
  Rendered shared/_header.html.erb (0.0ms)
Completed 200 OK in 4.6ms (Views: 4.5ms | ActiveRecord: 0.0ms)


Started GET "/assets/bootstrap.css?body=1" for 127.0.0.1 at 2014-02-10 15:39:01 -0800
Served asset /bootstrap.css - 304 Not Modified (0ms)


Started GET "/assets/datepicker.css?body=1" for 127.0.0.1 at 2014-02-10 15:39:01 -0800
Served asset /datepicker.css - 304 Not Modified (0ms)


Started GET "/assets/bootstrap-responsive.css?body=1" for 127.0.0.1 at 2014-02-10 15:39:01 -0800
Served asset /bootstrap-responsive.css - 304 Not Modified (0ms)


Started GET "/assets/application.css?body=1" for 127.0.0.1 at 2014-02-10 15:39:01 -0800
Served asset /application.css - 304 Not Modified (0ms)


Started GET "/assets/jquery.js?body=1" for 127.0.0.1 at 2014-02-10 15:39:01 -0800
Served asset /jquery.js - 304 Not Modified (0ms)


Started GET "/assets/jquery_ujs.js?body=1" for 127.0.0.1 at 2014-02-10 15:39:01 -0800
Served asset /jquery_ujs.js - 304 Not Modified (0ms)


Started GET "/assets/lib/angular.js?body=1" for 127.0.0.1 at 2014-02-10 15:39:01 -0800
Served asset /lib/angular.js - 304 Not Modified (0ms)


Started GET "/assets/lib/angularstrap.js?body=1" for 127.0.0.1 at 2014-02-10 15:39:01 -0800
Served asset /lib/angularstrap.js - 304 Not Modified (0ms)


Started GET "/assets/lib/bootstrap-datepicker.js?body=1" for 127.0.0.1 at 2014-02-10 15:39:01 -0800
Served asset /lib/bootstrap-datepicker.js - 304 Not Modified (0ms)


Started GET "/assets/lib/bootstrap.js?body=1" for 127.0.0.1 at 2014-02-10 15:39:01 -0800
Served asset /lib/bootstrap.js - 304 Not Modified (0ms)


Started GET "/assets/application.js?body=1" for 127.0.0.1 at 2014-02-10 15:39:01 -0800
Served asset /application.js - 304 Not Modified (0ms)


Started GET "/assets/dropdown.png" for 127.0.0.1 at 2014-02-10 15:39:01 -0800
Served asset /dropdown.png - 304 Not Modified (0ms)


Started GET "/dropdown" for 127.0.0.1 at 2014-02-10 15:39:27 -0800
Processing by StaticPagesController#dropdown as HTML
  Rendered static_pages/dropdown.html.erb within layouts/application (0.6ms)
  Rendered shared/_header.html.erb (0.0ms)
Completed 200 OK in 4.9ms (Views: 4.8ms | ActiveRecord: 0.0ms)


Started GET "/assets/bootstrap.css?body=1" for 127.0.0.1 at 2014-02-10 15:39:27 -0800
Served asset /bootstrap.css - 304 Not Modified (0ms)


Started GET "/assets/application.css?body=1" for 127.0.0.1 at 2014-02-10 15:39:27 -0800
Served asset /application.css - 304 Not Modified (0ms)


Started GET "/assets/bootstrap-responsive.css?body=1" for 127.0.0.1 at 2014-02-10 15:39:27 -0800
Served asset /bootstrap-responsive.css - 304 Not Modified (0ms)


Started GET "/assets/datepicker.css?body=1" for 127.0.0.1 at 2014-02-10 15:39:27 -0800
Served asset /datepicker.css - 304 Not Modified (0ms)


Started GET "/assets/jquery.js?body=1" for 127.0.0.1 at 2014-02-10 15:39:27 -0800
Served asset /jquery.js - 304 Not Modified (0ms)


Started GET "/assets/jquery_ujs.js?body=1" for 127.0.0.1 at 2014-02-10 15:39:27 -0800
Served asset /jquery_ujs.js - 304 Not Modified (0ms)


Started GET "/assets/lib/angular.js?body=1" for 127.0.0.1 at 2014-02-10 15:39:27 -0800
Served asset /lib/angular.js - 304 Not Modified (0ms)


Started GET "/assets/lib/angularstrap.js?body=1" for 127.0.0.1 at 2014-02-10 15:39:27 -0800
Served asset /lib/angularstrap.js - 304 Not Modified (0ms)


Started GET "/assets/lib/bootstrap-datepicker.js?body=1" for 127.0.0.1 at 2014-02-10 15:39:27 -0800
Served asset /lib/bootstrap-datepicker.js - 304 Not Modified (0ms)


Started GET "/assets/lib/bootstrap.js?body=1" for 127.0.0.1 at 2014-02-10 15:39:27 -0800
Served asset /lib/bootstrap.js - 304 Not Modified (0ms)


Started GET "/assets/application.js?body=1" for 127.0.0.1 at 2014-02-10 15:39:27 -0800
Served asset /application.js - 304 Not Modified (0ms)


Started GET "/assets/dropdown.png" for 127.0.0.1 at 2014-02-10 15:39:27 -0800
Served asset /dropdown.png - 304 Not Modified (0ms)


Started GET "/dropdown" for 127.0.0.1 at 2014-02-10 15:39:46 -0800
Processing by StaticPagesController#dropdown as HTML
  Rendered static_pages/dropdown.html.erb within layouts/application (0.7ms)
  Rendered shared/_header.html.erb (0.0ms)
Completed 200 OK in 6.2ms (Views: 6.0ms | ActiveRecord: 0.0ms)


Started GET "/assets/application.css?body=1" for 127.0.0.1 at 2014-02-10 15:39:46 -0800
Served asset /application.css - 304 Not Modified (0ms)


Started GET "/assets/bootstrap-responsive.css?body=1" for 127.0.0.1 at 2014-02-10 15:39:46 -0800
Served asset /bootstrap-responsive.css - 304 Not Modified (0ms)


Started GET "/assets/bootstrap.css?body=1" for 127.0.0.1 at 2014-02-10 15:39:46 -0800
Served asset /bootstrap.css - 304 Not Modified (0ms)


Started GET "/assets/datepicker.css?body=1" for 127.0.0.1 at 2014-02-10 15:39:46 -0800
Served asset /datepicker.css - 304 Not Modified (0ms)


Started GET "/assets/jquery_ujs.js?body=1" for 127.0.0.1 at 2014-02-10 15:39:46 -0800
Served asset /jquery_ujs.js - 304 Not Modified (0ms)


Started GET "/assets/jquery.js?body=1" for 127.0.0.1 at 2014-02-10 15:39:46 -0800
Served asset /jquery.js - 304 Not Modified (0ms)


Started GET "/assets/lib/angular.js?body=1" for 127.0.0.1 at 2014-02-10 15:39:46 -0800
Served asset /lib/angular.js - 304 Not Modified (0ms)


Started GET "/assets/lib/angularstrap.js?body=1" for 127.0.0.1 at 2014-02-10 15:39:46 -0800
Served asset /lib/angularstrap.js - 304 Not Modified (0ms)


Started GET "/assets/lib/bootstrap-datepicker.js?body=1" for 127.0.0.1 at 2014-02-10 15:39:46 -0800
Served asset /lib/bootstrap-datepicker.js - 304 Not Modified (0ms)


Started GET "/assets/lib/bootstrap.js?body=1" for 127.0.0.1 at 2014-02-10 15:39:46 -0800
Served asset /lib/bootstrap.js - 304 Not Modified (0ms)


Started GET "/assets/application.js?body=1" for 127.0.0.1 at 2014-02-10 15:39:46 -0800
Served asset /application.js - 304 Not Modified (0ms)


Started GET "/assets/dropdown.png" for 127.0.0.1 at 2014-02-10 15:39:46 -0800
Served asset /dropdown.png - 304 Not Modified (0ms)


Started GET "/dropdown" for 127.0.0.1 at 2014-02-10 15:39:56 -0800
Processing by StaticPagesController#dropdown as HTML
  Rendered static_pages/dropdown.html.erb within layouts/application (0.6ms)
  Rendered shared/_header.html.erb (0.0ms)
Completed 200 OK in 4.6ms (Views: 4.5ms | ActiveRecord: 0.0ms)


Started GET "/assets/bootstrap-responsive.css?body=1" for 127.0.0.1 at 2014-02-10 15:39:56 -0800
Served asset /bootstrap-responsive.css - 304 Not Modified (0ms)


Started GET "/assets/bootstrap.css?body=1" for 127.0.0.1 at 2014-02-10 15:39:56 -0800
Served asset /bootstrap.css - 304 Not Modified (0ms)


Started GET "/assets/application.css?body=1" for 127.0.0.1 at 2014-02-10 15:39:56 -0800
Served asset /application.css - 304 Not Modified (0ms)


Started GET "/assets/datepicker.css?body=1" for 127.0.0.1 at 2014-02-10 15:39:56 -0800
Served asset /datepicker.css - 304 Not Modified (0ms)


Started GET "/assets/jquery.js?body=1" for 127.0.0.1 at 2014-02-10 15:39:56 -0800
Served asset /jquery.js - 304 Not Modified (0ms)


Started GET "/assets/jquery_ujs.js?body=1" for 127.0.0.1 at 2014-02-10 15:39:56 -0800
Served asset /jquery_ujs.js - 304 Not Modified (0ms)


Started GET "/assets/lib/angular.js?body=1" for 127.0.0.1 at 2014-02-10 15:39:56 -0800
Served asset /lib/angular.js - 304 Not Modified (0ms)


Started GET "/assets/lib/angularstrap.js?body=1" for 127.0.0.1 at 2014-02-10 15:39:56 -0800
Served asset /lib/angularstrap.js - 304 Not Modified (0ms)


Started GET "/assets/lib/bootstrap-datepicker.js?body=1" for 127.0.0.1 at 2014-02-10 15:39:56 -0800
Served asset /lib/bootstrap-datepicker.js - 304 Not Modified (0ms)


Started GET "/assets/lib/bootstrap.js?body=1" for 127.0.0.1 at 2014-02-10 15:39:56 -0800
Served asset /lib/bootstrap.js - 304 Not Modified (0ms)


Started GET "/assets/application.js?body=1" for 127.0.0.1 at 2014-02-10 15:39:56 -0800
Served asset /application.js - 304 Not Modified (0ms)


Started GET "/assets/dropdown.png" for 127.0.0.1 at 2014-02-10 15:39:56 -0800
Served asset /dropdown.png - 304 Not Modified (0ms)


Started GET "/dropdown" for 127.0.0.1 at 2014-02-10 15:40:00 -0800
Processing by StaticPagesController#dropdown as HTML
  Rendered static_pages/dropdown.html.erb within layouts/application (0.6ms)
  Rendered shared/_header.html.erb (0.0ms)
Completed 200 OK in 5.1ms (Views: 5.0ms | ActiveRecord: 0.0ms)


Started GET "/assets/application.css?body=1" for 127.0.0.1 at 2014-02-10 15:40:00 -0800
Served asset /application.css - 304 Not Modified (0ms)


Started GET "/assets/datepicker.css?body=1" for 127.0.0.1 at 2014-02-10 15:40:00 -0800
Served asset /datepicker.css - 304 Not Modified (0ms)


Started GET "/assets/bootstrap-responsive.css?body=1" for 127.0.0.1 at 2014-02-10 15:40:00 -0800
Served asset /bootstrap-responsive.css - 304 Not Modified (0ms)


Started GET "/assets/bootstrap.css?body=1" for 127.0.0.1 at 2014-02-10 15:40:00 -0800
Served asset /bootstrap.css - 304 Not Modified (0ms)


Started GET "/assets/jquery_ujs.js?body=1" for 127.0.0.1 at 2014-02-10 15:40:00 -0800
Served asset /jquery_ujs.js - 304 Not Modified (0ms)


Started GET "/assets/jquery.js?body=1" for 127.0.0.1 at 2014-02-10 15:40:00 -0800
Served asset /jquery.js - 304 Not Modified (0ms)


Started GET "/assets/lib/angularstrap.js?body=1" for 127.0.0.1 at 2014-02-10 15:40:00 -0800
Served asset /lib/angularstrap.js - 304 Not Modified (0ms)


Started GET "/assets/lib/angular.js?body=1" for 127.0.0.1 at 2014-02-10 15:40:00 -0800
Served asset /lib/angular.js - 304 Not Modified (0ms)


Started GET "/assets/lib/bootstrap-datepicker.js?body=1" for 127.0.0.1 at 2014-02-10 15:40:00 -0800
Served asset /lib/bootstrap-datepicker.js - 304 Not Modified (0ms)


Started GET "/assets/lib/bootstrap.js?body=1" for 127.0.0.1 at 2014-02-10 15:40:00 -0800
Served asset /lib/bootstrap.js - 304 Not Modified (0ms)


Started GET "/assets/application.js?body=1" for 127.0.0.1 at 2014-02-10 15:40:00 -0800
Served asset /application.js - 304 Not Modified (0ms)


Started GET "/assets/dropdown.png" for 127.0.0.1 at 2014-02-10 15:40:00 -0800
Served asset /dropdown.png - 304 Not Modified (0ms)


Started GET "/" for 127.0.0.1 at 2014-02-10 15:42:04 -0800
Processing by StaticPagesController#home as HTML
  Rendered static_pages/home.html.erb within layouts/application (0.1ms)
  Rendered shared/_header.html.erb (0.0ms)
Completed 200 OK in 7.1ms (Views: 7.0ms | ActiveRecord: 0.0ms)


Started GET "/assets/application.css?body=1" for 127.0.0.1 at 2014-02-10 15:42:04 -0800
Served asset /application.css - 304 Not Modified (0ms)


Started GET "/assets/bootstrap-responsive.css?body=1" for 127.0.0.1 at 2014-02-10 15:42:04 -0800
Served asset /bootstrap-responsive.css - 304 Not Modified (0ms)


Started GET "/assets/bootstrap.css?body=1" for 127.0.0.1 at 2014-02-10 15:42:04 -0800
Served asset /bootstrap.css - 304 Not Modified (0ms)


Started GET "/assets/datepicker.css?body=1" for 127.0.0.1 at 2014-02-10 15:42:04 -0800
Served asset /datepicker.css - 304 Not Modified (0ms)


Started GET "/assets/jquery_ujs.js?body=1" for 127.0.0.1 at 2014-02-10 15:42:04 -0800
Served asset /jquery_ujs.js - 304 Not Modified (0ms)


Started GET "/assets/jquery.js?body=1" for 127.0.0.1 at 2014-02-10 15:42:04 -0800
Served asset /jquery.js - 304 Not Modified (0ms)


Started GET "/assets/lib/angular.js?body=1" for 127.0.0.1 at 2014-02-10 15:42:04 -0800
Served asset /lib/angular.js - 304 Not Modified (0ms)


Started GET "/assets/lib/angularstrap.js?body=1" for 127.0.0.1 at 2014-02-10 15:42:04 -0800
Served asset /lib/angularstrap.js - 304 Not Modified (0ms)


Started GET "/assets/lib/bootstrap-datepicker.js?body=1" for 127.0.0.1 at 2014-02-10 15:42:04 -0800
Served asset /lib/bootstrap-datepicker.js - 304 Not Modified (0ms)


Started GET "/assets/lib/bootstrap.js?body=1" for 127.0.0.1 at 2014-02-10 15:42:04 -0800
Served asset /lib/bootstrap.js - 304 Not Modified (0ms)


Started GET "/assets/application.js?body=1" for 127.0.0.1 at 2014-02-10 15:42:04 -0800
Served asset /application.js - 304 Not Modified (0ms)


Started GET "/" for 127.0.0.1 at 2014-02-10 15:42:36 -0800
Processing by StaticPagesController#home as HTML
  Rendered static_pages/home.html.erb within layouts/application (0.4ms)
  Rendered shared/_header.html.erb (0.0ms)
Completed 200 OK in 5.3ms (Views: 5.2ms | ActiveRecord: 0.0ms)


Started GET "/assets/application.css?body=1" for 127.0.0.1 at 2014-02-10 15:42:36 -0800
Served asset /application.css - 304 Not Modified (0ms)


Started GET "/assets/bootstrap-responsive.css?body=1" for 127.0.0.1 at 2014-02-10 15:42:36 -0800
Served asset /bootstrap-responsive.css - 304 Not Modified (0ms)


Started GET "/assets/datepicker.css?body=1" for 127.0.0.1 at 2014-02-10 15:42:36 -0800
Served asset /datepicker.css - 304 Not Modified (0ms)


Started GET "/assets/bootstrap.css?body=1" for 127.0.0.1 at 2014-02-10 15:42:36 -0800
Served asset /bootstrap.css - 304 Not Modified (0ms)


Started GET "/assets/jquery.js?body=1" for 127.0.0.1 at 2014-02-10 15:42:36 -0800
Served asset /jquery.js - 304 Not Modified (0ms)


Started GET "/assets/lib/angular.js?body=1" for 127.0.0.1 at 2014-02-10 15:42:36 -0800
Served asset /lib/angular.js - 304 Not Modified (0ms)


Started GET "/assets/jquery_ujs.js?body=1" for 127.0.0.1 at 2014-02-10 15:42:36 -0800
Served asset /jquery_ujs.js - 304 Not Modified (0ms)


Started GET "/assets/lib/angularstrap.js?body=1" for 127.0.0.1 at 2014-02-10 15:42:36 -0800
Served asset /lib/angularstrap.js - 304 Not Modified (0ms)


Started GET "/assets/lib/bootstrap.js?body=1" for 127.0.0.1 at 2014-02-10 15:42:36 -0800
Served asset /lib/bootstrap.js - 304 Not Modified (0ms)


Started GET "/assets/lib/bootstrap-datepicker.js?body=1" for 127.0.0.1 at 2014-02-10 15:42:36 -0800
Served asset /lib/bootstrap-datepicker.js - 304 Not Modified (0ms)


Started GET "/assets/application.js?body=1" for 127.0.0.1 at 2014-02-10 15:42:36 -0800
Served asset /application.js - 304 Not Modified (0ms)


Started GET "/" for 127.0.0.1 at 2014-02-10 15:43:15 -0800
Processing by StaticPagesController#home as HTML
  Rendered static_pages/home.html.erb within layouts/application (0.4ms)
  Rendered shared/_header.html.erb (0.1ms)
Completed 200 OK in 5.1ms (Views: 5.0ms | ActiveRecord: 0.0ms)


Started GET "/assets/application.css?body=1" for 127.0.0.1 at 2014-02-10 15:43:15 -0800
Served asset /application.css - 304 Not Modified (0ms)


Started GET "/assets/bootstrap-responsive.css?body=1" for 127.0.0.1 at 2014-02-10 15:43:15 -0800
Served asset /bootstrap-responsive.css - 304 Not Modified (0ms)


Started GET "/assets/bootstrap.css?body=1" for 127.0.0.1 at 2014-02-10 15:43:15 -0800
Served asset /bootstrap.css - 304 Not Modified (0ms)


Started GET "/assets/datepicker.css?body=1" for 127.0.0.1 at 2014-02-10 15:43:15 -0800
Served asset /datepicker.css - 304 Not Modified (0ms)


Started GET "/assets/lib/angular.js?body=1" for 127.0.0.1 at 2014-02-10 15:43:15 -0800
Served asset /lib/angular.js - 304 Not Modified (0ms)


Started GET "/assets/jquery_ujs.js?body=1" for 127.0.0.1 at 2014-02-10 15:43:15 -0800
Served asset /jquery_ujs.js - 304 Not Modified (0ms)


Started GET "/assets/jquery.js?body=1" for 127.0.0.1 at 2014-02-10 15:43:15 -0800
Served asset /jquery.js - 304 Not Modified (0ms)


Started GET "/assets/lib/angularstrap.js?body=1" for 127.0.0.1 at 2014-02-10 15:43:15 -0800
Served asset /lib/angularstrap.js - 304 Not Modified (0ms)


Started GET "/assets/lib/bootstrap-datepicker.js?body=1" for 127.0.0.1 at 2014-02-10 15:43:15 -0800
Served asset /lib/bootstrap-datepicker.js - 304 Not Modified (0ms)


Started GET "/assets/lib/bootstrap.js?body=1" for 127.0.0.1 at 2014-02-10 15:43:15 -0800
Served asset /lib/bootstrap.js - 304 Not Modified (0ms)


Started GET "/assets/application.js?body=1" for 127.0.0.1 at 2014-02-10 15:43:15 -0800
Served asset /application.js - 304 Not Modified (0ms)


Started GET "/" for 127.0.0.1 at 2014-02-10 15:43:36 -0800
Processing by StaticPagesController#home as HTML
  Rendered static_pages/home.html.erb within layouts/application (0.4ms)
  Rendered shared/_header.html.erb (0.0ms)
Completed 200 OK in 4.7ms (Views: 4.6ms | ActiveRecord: 0.0ms)


Started GET "/assets/application.css?body=1" for 127.0.0.1 at 2014-02-10 15:43:36 -0800
Served asset /application.css - 304 Not Modified (0ms)


Started GET "/assets/bootstrap-responsive.css?body=1" for 127.0.0.1 at 2014-02-10 15:43:36 -0800
Served asset /bootstrap-responsive.css - 304 Not Modified (0ms)


Started GET "/assets/bootstrap.css?body=1" for 127.0.0.1 at 2014-02-10 15:43:36 -0800
Served asset /bootstrap.css - 304 Not Modified (0ms)


Started GET "/assets/jquery.js?body=1" for 127.0.0.1 at 2014-02-10 15:43:36 -0800
Served asset /jquery.js - 304 Not Modified (0ms)


Started GET "/assets/jquery_ujs.js?body=1" for 127.0.0.1 at 2014-02-10 15:43:36 -0800
Served asset /jquery_ujs.js - 304 Not Modified (0ms)


Started GET "/assets/datepicker.css?body=1" for 127.0.0.1 at 2014-02-10 15:43:36 -0800
Served asset /datepicker.css - 304 Not Modified (0ms)


Started GET "/assets/lib/angular.js?body=1" for 127.0.0.1 at 2014-02-10 15:43:36 -0800
Served asset /lib/angular.js - 304 Not Modified (0ms)


Started GET "/assets/lib/angularstrap.js?body=1" for 127.0.0.1 at 2014-02-10 15:43:36 -0800
Served asset /lib/angularstrap.js - 304 Not Modified (0ms)


Started GET "/assets/lib/bootstrap-datepicker.js?body=1" for 127.0.0.1 at 2014-02-10 15:43:36 -0800
Served asset /lib/bootstrap-datepicker.js - 304 Not Modified (0ms)


Started GET "/assets/lib/bootstrap.js?body=1" for 127.0.0.1 at 2014-02-10 15:43:36 -0800
Served asset /lib/bootstrap.js - 304 Not Modified (0ms)


Started GET "/assets/application.js?body=1" for 127.0.0.1 at 2014-02-10 15:43:36 -0800
Served asset /application.js - 304 Not Modified (0ms)


Started GET "/" for 127.0.0.1 at 2014-02-10 15:43:43 -0800
Processing by StaticPagesController#home as HTML
  Rendered static_pages/home.html.erb within layouts/application (0.4ms)
  Rendered shared/_header.html.erb (0.0ms)
Completed 200 OK in 5.5ms (Views: 5.4ms | ActiveRecord: 0.0ms)


Started GET "/assets/bootstrap.css?body=1" for 127.0.0.1 at 2014-02-10 15:43:43 -0800
Served asset /bootstrap.css - 304 Not Modified (0ms)


Started GET "/assets/application.css?body=1" for 127.0.0.1 at 2014-02-10 15:43:43 -0800
Served asset /application.css - 304 Not Modified (0ms)


Started GET "/assets/bootstrap-responsive.css?body=1" for 127.0.0.1 at 2014-02-10 15:43:43 -0800
Served asset /bootstrap-responsive.css - 304 Not Modified (0ms)


Started GET "/assets/datepicker.css?body=1" for 127.0.0.1 at 2014-02-10 15:43:43 -0800
Served asset /datepicker.css - 304 Not Modified (0ms)


Started GET "/assets/jquery_ujs.js?body=1" for 127.0.0.1 at 2014-02-10 15:43:43 -0800
Served asset /jquery_ujs.js - 304 Not Modified (0ms)


Started GET "/assets/jquery.js?body=1" for 127.0.0.1 at 2014-02-10 15:43:43 -0800
Served asset /jquery.js - 304 Not Modified (0ms)


Started GET "/assets/lib/angular.js?body=1" for 127.0.0.1 at 2014-02-10 15:43:43 -0800
Served asset /lib/angular.js - 304 Not Modified (0ms)


Started GET "/assets/lib/angularstrap.js?body=1" for 127.0.0.1 at 2014-02-10 15:43:43 -0800
Served asset /lib/angularstrap.js - 304 Not Modified (0ms)


Started GET "/assets/lib/bootstrap-datepicker.js?body=1" for 127.0.0.1 at 2014-02-10 15:43:43 -0800
Served asset /lib/bootstrap-datepicker.js - 304 Not Modified (0ms)


Started GET "/assets/lib/bootstrap.js?body=1" for 127.0.0.1 at 2014-02-10 15:43:43 -0800
Served asset /lib/bootstrap.js - 304 Not Modified (0ms)


Started GET "/assets/application.js?body=1" for 127.0.0.1 at 2014-02-10 15:43:43 -0800
Served asset /application.js - 304 Not Modified (0ms)


Started GET "/" for 127.0.0.1 at 2014-02-10 15:46:12 -0800
Processing by StaticPagesController#home as HTML
  Rendered static_pages/home.html.erb within layouts/application (0.7ms)
  Rendered shared/_header.html.erb (0.0ms)
Completed 200 OK in 6.3ms (Views: 6.2ms | ActiveRecord: 0.0ms)


Started GET "/assets/bootstrap.css?body=1" for 127.0.0.1 at 2014-02-10 15:46:12 -0800
Served asset /bootstrap.css - 304 Not Modified (0ms)


Started GET "/assets/bootstrap-responsive.css?body=1" for 127.0.0.1 at 2014-02-10 15:46:12 -0800
Served asset /bootstrap-responsive.css - 304 Not Modified (0ms)


Started GET "/assets/application.css?body=1" for 127.0.0.1 at 2014-02-10 15:46:12 -0800
Served asset /application.css - 304 Not Modified (0ms)


Started GET "/assets/datepicker.css?body=1" for 127.0.0.1 at 2014-02-10 15:46:12 -0800
Served asset /datepicker.css - 304 Not Modified (0ms)


Started GET "/assets/jquery_ujs.js?body=1" for 127.0.0.1 at 2014-02-10 15:46:12 -0800
Served asset /jquery_ujs.js - 304 Not Modified (0ms)


Started GET "/assets/jquery.js?body=1" for 127.0.0.1 at 2014-02-10 15:46:12 -0800
Served asset /jquery.js - 304 Not Modified (0ms)


Started GET "/assets/lib/angular.js?body=1" for 127.0.0.1 at 2014-02-10 15:46:12 -0800
Served asset /lib/angular.js - 304 Not Modified (0ms)


Started GET "/assets/lib/angularstrap.js?body=1" for 127.0.0.1 at 2014-02-10 15:46:12 -0800
Served asset /lib/angularstrap.js - 304 Not Modified (0ms)


Started GET "/assets/lib/bootstrap-datepicker.js?body=1" for 127.0.0.1 at 2014-02-10 15:46:12 -0800
Served asset /lib/bootstrap-datepicker.js - 304 Not Modified (0ms)


Started GET "/assets/lib/bootstrap.js?body=1" for 127.0.0.1 at 2014-02-10 15:46:12 -0800
Served asset /lib/bootstrap.js - 304 Not Modified (0ms)


Started GET "/assets/application.js?body=1" for 127.0.0.1 at 2014-02-10 15:46:12 -0800
Served asset /application.js - 304 Not Modified (0ms)


Started GET "/dropdown" for 127.0.0.1 at 2014-02-10 15:46:22 -0800
Processing by StaticPagesController#dropdown as HTML
  Rendered static_pages/dropdown.html.erb within layouts/application (0.2ms)
  Rendered shared/_header.html.erb (0.0ms)
Completed 200 OK in 4.2ms (Views: 4.1ms | ActiveRecord: 0.0ms)


Started GET "/assets/application.css?body=1" for 127.0.0.1 at 2014-02-10 15:46:22 -0800
Served asset /application.css - 304 Not Modified (0ms)


Started GET "/assets/bootstrap-responsive.css?body=1" for 127.0.0.1 at 2014-02-10 15:46:22 -0800
Served asset /bootstrap-responsive.css - 304 Not Modified (0ms)


Started GET "/assets/bootstrap.css?body=1" for 127.0.0.1 at 2014-02-10 15:46:22 -0800
Served asset /bootstrap.css - 304 Not Modified (0ms)


Started GET "/assets/datepicker.css?body=1" for 127.0.0.1 at 2014-02-10 15:46:22 -0800
Served asset /datepicker.css - 304 Not Modified (0ms)


Started GET "/assets/jquery.js?body=1" for 127.0.0.1 at 2014-02-10 15:46:22 -0800
Served asset /jquery.js - 304 Not Modified (0ms)


Started GET "/assets/jquery_ujs.js?body=1" for 127.0.0.1 at 2014-02-10 15:46:22 -0800
Served asset /jquery_ujs.js - 304 Not Modified (0ms)


Started GET "/assets/lib/angularstrap.js?body=1" for 127.0.0.1 at 2014-02-10 15:46:22 -0800
Served asset /lib/angularstrap.js - 304 Not Modified (0ms)


Started GET "/assets/lib/angular.js?body=1" for 127.0.0.1 at 2014-02-10 15:46:22 -0800
Served asset /lib/angular.js - 304 Not Modified (0ms)


Started GET "/assets/lib/bootstrap.js?body=1" for 127.0.0.1 at 2014-02-10 15:46:22 -0800
Served asset /lib/bootstrap.js - 304 Not Modified (0ms)


Started GET "/assets/lib/bootstrap-datepicker.js?body=1" for 127.0.0.1 at 2014-02-10 15:46:22 -0800
Served asset /lib/bootstrap-datepicker.js - 304 Not Modified (0ms)


Started GET "/assets/application.js?body=1" for 127.0.0.1 at 2014-02-10 15:46:22 -0800
Served asset /application.js - 304 Not Modified (0ms)


Started GET "/assets/dropdown.png" for 127.0.0.1 at 2014-02-10 15:46:22 -0800
Served asset /dropdown.png - 304 Not Modified (0ms)


Started GET "/dropdown" for 127.0.0.1 at 2014-02-10 15:46:36 -0800
Processing by StaticPagesController#dropdown as HTML
  Rendered static_pages/dropdown.html.erb within layouts/application (0.6ms)
  Rendered shared/_header.html.erb (0.0ms)
Completed 200 OK in 5.2ms (Views: 5.0ms | ActiveRecord: 0.0ms)


Started GET "/assets/bootstrap-responsive.css?body=1" for 127.0.0.1 at 2014-02-10 15:46:36 -0800
Served asset /bootstrap-responsive.css - 304 Not Modified (0ms)


Started GET "/assets/bootstrap.css?body=1" for 127.0.0.1 at 2014-02-10 15:46:36 -0800
Served asset /bootstrap.css - 304 Not Modified (0ms)


Started GET "/assets/application.css?body=1" for 127.0.0.1 at 2014-02-10 15:46:36 -0800
Served asset /application.css - 304 Not Modified (0ms)


Started GET "/assets/datepicker.css?body=1" for 127.0.0.1 at 2014-02-10 15:46:36 -0800
Served asset /datepicker.css - 304 Not Modified (0ms)


Started GET "/assets/jquery_ujs.js?body=1" for 127.0.0.1 at 2014-02-10 15:46:36 -0800
Served asset /jquery_ujs.js - 304 Not Modified (0ms)


Started GET "/assets/jquery.js?body=1" for 127.0.0.1 at 2014-02-10 15:46:36 -0800
Served asset /jquery.js - 304 Not Modified (0ms)


Started GET "/assets/lib/angularstrap.js?body=1" for 127.0.0.1 at 2014-02-10 15:46:36 -0800
Served asset /lib/angularstrap.js - 304 Not Modified (0ms)


Started GET "/assets/lib/angular.js?body=1" for 127.0.0.1 at 2014-02-10 15:46:36 -0800
Served asset /lib/angular.js - 304 Not Modified (0ms)


Started GET "/assets/lib/bootstrap-datepicker.js?body=1" for 127.0.0.1 at 2014-02-10 15:46:36 -0800
Served asset /lib/bootstrap-datepicker.js - 304 Not Modified (0ms)


Started GET "/assets/lib/bootstrap.js?body=1" for 127.0.0.1 at 2014-02-10 15:46:36 -0800
Served asset /lib/bootstrap.js - 304 Not Modified (0ms)


Started GET "/assets/application.js?body=1" for 127.0.0.1 at 2014-02-10 15:46:36 -0800
Served asset /application.js - 304 Not Modified (0ms)


Started GET "/assets/dropdown.png" for 127.0.0.1 at 2014-02-10 15:46:36 -0800
Served asset /dropdown.png - 304 Not Modified (0ms)


Started GET "/" for 127.0.0.1 at 2014-02-10 15:46:47 -0800
Processing by StaticPagesController#home as HTML
  Rendered static_pages/home.html.erb within layouts/application (0.1ms)
  Rendered shared/_header.html.erb (0.0ms)
Completed 200 OK in 4.3ms (Views: 4.2ms | ActiveRecord: 0.0ms)


Started GET "/assets/bootstrap-responsive.css?body=1" for 127.0.0.1 at 2014-02-10 15:46:47 -0800
Served asset /bootstrap-responsive.css - 304 Not Modified (0ms)


Started GET "/assets/application.css?body=1" for 127.0.0.1 at 2014-02-10 15:46:47 -0800
Served asset /application.css - 304 Not Modified (0ms)


Started GET "/assets/bootstrap.css?body=1" for 127.0.0.1 at 2014-02-10 15:46:47 -0800
Served asset /bootstrap.css - 304 Not Modified (0ms)


Started GET "/assets/datepicker.css?body=1" for 127.0.0.1 at 2014-02-10 15:46:47 -0800
Served asset /datepicker.css - 304 Not Modified (0ms)


Started GET "/assets/jquery_ujs.js?body=1" for 127.0.0.1 at 2014-02-10 15:46:47 -0800
Served asset /jquery_ujs.js - 304 Not Modified (0ms)


Started GET "/assets/jquery.js?body=1" for 127.0.0.1 at 2014-02-10 15:46:47 -0800
Served asset /jquery.js - 304 Not Modified (0ms)


Started GET "/assets/lib/angular.js?body=1" for 127.0.0.1 at 2014-02-10 15:46:47 -0800
Served asset /lib/angular.js - 304 Not Modified (0ms)


Started GET "/assets/lib/angularstrap.js?body=1" for 127.0.0.1 at 2014-02-10 15:46:47 -0800
Served asset /lib/angularstrap.js - 304 Not Modified (0ms)


Started GET "/assets/lib/bootstrap-datepicker.js?body=1" for 127.0.0.1 at 2014-02-10 15:46:47 -0800
Served asset /lib/bootstrap-datepicker.js - 304 Not Modified (0ms)


Started GET "/assets/lib/bootstrap.js?body=1" for 127.0.0.1 at 2014-02-10 15:46:47 -0800
Served asset /lib/bootstrap.js - 304 Not Modified (0ms)


Started GET "/assets/application.js?body=1" for 127.0.0.1 at 2014-02-10 15:46:47 -0800
Served asset /application.js - 304 Not Modified (0ms)


Started GET "/dropdown" for 127.0.0.1 at 2014-02-10 15:46:48 -0800
Processing by StaticPagesController#dropdown as HTML
  Rendered static_pages/dropdown.html.erb within layouts/application (0.2ms)
  Rendered shared/_header.html.erb (0.0ms)
Completed 200 OK in 5.8ms (Views: 5.7ms | ActiveRecord: 0.0ms)


Started GET "/assets/bootstrap-responsive.css?body=1" for 127.0.0.1 at 2014-02-10 15:46:48 -0800
Served asset /bootstrap-responsive.css - 304 Not Modified (0ms)


Started GET "/assets/bootstrap.css?body=1" for 127.0.0.1 at 2014-02-10 15:46:48 -0800
Served asset /bootstrap.css - 304 Not Modified (0ms)


Started GET "/assets/application.css?body=1" for 127.0.0.1 at 2014-02-10 15:46:48 -0800
Served asset /application.css - 304 Not Modified (0ms)


Started GET "/assets/datepicker.css?body=1" for 127.0.0.1 at 2014-02-10 15:46:48 -0800
Served asset /datepicker.css - 304 Not Modified (0ms)


Started GET "/assets/jquery_ujs.js?body=1" for 127.0.0.1 at 2014-02-10 15:46:48 -0800
Served asset /jquery_ujs.js - 304 Not Modified (0ms)


Started GET "/assets/jquery.js?body=1" for 127.0.0.1 at 2014-02-10 15:46:48 -0800
Served asset /jquery.js - 304 Not Modified (0ms)


Started GET "/assets/lib/angularstrap.js?body=1" for 127.0.0.1 at 2014-02-10 15:46:48 -0800
Served asset /lib/angularstrap.js - 304 Not Modified (0ms)


Started GET "/assets/lib/angular.js?body=1" for 127.0.0.1 at 2014-02-10 15:46:48 -0800
Served asset /lib/angular.js - 304 Not Modified (0ms)


Started GET "/assets/lib/bootstrap-datepicker.js?body=1" for 127.0.0.1 at 2014-02-10 15:46:48 -0800
Served asset /lib/bootstrap-datepicker.js - 304 Not Modified (0ms)


Started GET "/assets/lib/bootstrap.js?body=1" for 127.0.0.1 at 2014-02-10 15:46:48 -0800
Served asset /lib/bootstrap.js - 304 Not Modified (0ms)


Started GET "/assets/application.js?body=1" for 127.0.0.1 at 2014-02-10 15:46:48 -0800
Served asset /application.js - 304 Not Modified (0ms)


Started GET "/assets/dropdown.png" for 127.0.0.1 at 2014-02-10 15:46:48 -0800
Served asset /dropdown.png - 304 Not Modified (0ms)


Started GET "/" for 127.0.0.1 at 2014-02-10 15:46:51 -0800
Processing by StaticPagesController#home as HTML
  Rendered static_pages/home.html.erb within layouts/application (0.1ms)
  Rendered shared/_header.html.erb (0.0ms)
Completed 200 OK in 4.7ms (Views: 4.5ms | ActiveRecord: 0.0ms)


Started GET "/assets/application.css?body=1" for 127.0.0.1 at 2014-02-10 15:46:51 -0800
Served asset /application.css - 304 Not Modified (0ms)


Started GET "/assets/bootstrap.css?body=1" for 127.0.0.1 at 2014-02-10 15:46:51 -0800
Served asset /bootstrap.css - 304 Not Modified (0ms)


Started GET "/assets/datepicker.css?body=1" for 127.0.0.1 at 2014-02-10 15:46:51 -0800
Served asset /datepicker.css - 304 Not Modified (0ms)


Started GET "/assets/bootstrap-responsive.css?body=1" for 127.0.0.1 at 2014-02-10 15:46:51 -0800
Served asset /bootstrap-responsive.css - 304 Not Modified (0ms)


Started GET "/assets/jquery.js?body=1" for 127.0.0.1 at 2014-02-10 15:46:51 -0800
Served asset /jquery.js - 304 Not Modified (0ms)


Started GET "/assets/lib/angular.js?body=1" for 127.0.0.1 at 2014-02-10 15:46:51 -0800
Served asset /lib/angular.js - 304 Not Modified (0ms)


Started GET "/assets/jquery_ujs.js?body=1" for 127.0.0.1 at 2014-02-10 15:46:51 -0800
Served asset /jquery_ujs.js - 304 Not Modified (0ms)


Started GET "/assets/lib/bootstrap.js?body=1" for 127.0.0.1 at 2014-02-10 15:46:51 -0800
Served asset /lib/bootstrap.js - 304 Not Modified (0ms)


Started GET "/assets/lib/bootstrap-datepicker.js?body=1" for 127.0.0.1 at 2014-02-10 15:46:51 -0800
Served asset /lib/bootstrap-datepicker.js - 304 Not Modified (0ms)


Started GET "/assets/lib/angularstrap.js?body=1" for 127.0.0.1 at 2014-02-10 15:46:51 -0800
Served asset /lib/angularstrap.js - 304 Not Modified (0ms)


Started GET "/assets/application.js?body=1" for 127.0.0.1 at 2014-02-10 15:46:51 -0800
Served asset /application.js - 304 Not Modified (0ms)


Started GET "/dropdown" for 127.0.0.1 at 2014-02-10 15:46:52 -0800
Processing by StaticPagesController#dropdown as HTML
  Rendered static_pages/dropdown.html.erb within layouts/application (0.1ms)
  Rendered shared/_header.html.erb (0.0ms)
Completed 200 OK in 4.2ms (Views: 4.1ms | ActiveRecord: 0.0ms)


Started GET "/assets/application.css?body=1" for 127.0.0.1 at 2014-02-10 15:46:52 -0800
Served asset /application.css - 304 Not Modified (0ms)


Started GET "/assets/bootstrap-responsive.css?body=1" for 127.0.0.1 at 2014-02-10 15:46:52 -0800
Served asset /bootstrap-responsive.css - 304 Not Modified (0ms)


Started GET "/assets/datepicker.css?body=1" for 127.0.0.1 at 2014-02-10 15:46:52 -0800
Served asset /datepicker.css - 304 Not Modified (0ms)


Started GET "/assets/bootstrap.css?body=1" for 127.0.0.1 at 2014-02-10 15:46:52 -0800
Served asset /bootstrap.css - 304 Not Modified (0ms)


Started GET "/assets/jquery.js?body=1" for 127.0.0.1 at 2014-02-10 15:46:52 -0800
Served asset /jquery.js - 304 Not Modified (0ms)


Started GET "/assets/jquery_ujs.js?body=1" for 127.0.0.1 at 2014-02-10 15:46:52 -0800
Served asset /jquery_ujs.js - 304 Not Modified (0ms)


Started GET "/assets/lib/angular.js?body=1" for 127.0.0.1 at 2014-02-10 15:46:52 -0800
Served asset /lib/angular.js - 304 Not Modified (0ms)


Started GET "/assets/lib/angularstrap.js?body=1" for 127.0.0.1 at 2014-02-10 15:46:52 -0800
Served asset /lib/angularstrap.js - 304 Not Modified (0ms)


Started GET "/assets/lib/bootstrap-datepicker.js?body=1" for 127.0.0.1 at 2014-02-10 15:46:52 -0800
Served asset /lib/bootstrap-datepicker.js - 304 Not Modified (0ms)


Started GET "/assets/lib/bootstrap.js?body=1" for 127.0.0.1 at 2014-02-10 15:46:52 -0800
Served asset /lib/bootstrap.js - 304 Not Modified (0ms)


Started GET "/assets/application.js?body=1" for 127.0.0.1 at 2014-02-10 15:46:52 -0800
Served asset /application.js - 304 Not Modified (0ms)


Started GET "/assets/dropdown.png" for 127.0.0.1 at 2014-02-10 15:46:52 -0800
Served asset /dropdown.png - 304 Not Modified (0ms)


Started GET "/dropdown" for 127.0.0.1 at 2014-02-10 15:46:58 -0800
Processing by StaticPagesController#dropdown as HTML
  Rendered static_pages/dropdown.html.erb within layouts/application (0.6ms)
  Rendered shared/_header.html.erb (0.0ms)
Completed 200 OK in 4.8ms (Views: 4.7ms | ActiveRecord: 0.0ms)


Started GET "/assets/application.css?body=1" for 127.0.0.1 at 2014-02-10 15:46:58 -0800
Served asset /application.css - 304 Not Modified (0ms)


Started GET "/assets/jquery.js?body=1" for 127.0.0.1 at 2014-02-10 15:46:58 -0800
Served asset /jquery.js - 304 Not Modified (0ms)


Started GET "/assets/bootstrap.css?body=1" for 127.0.0.1 at 2014-02-10 15:46:58 -0800
Served asset /bootstrap.css - 304 Not Modified (0ms)


Started GET "/assets/bootstrap-responsive.css?body=1" for 127.0.0.1 at 2014-02-10 15:46:58 -0800
Served asset /bootstrap-responsive.css - 304 Not Modified (0ms)


Started GET "/assets/datepicker.css?body=1" for 127.0.0.1 at 2014-02-10 15:46:58 -0800
Served asset /datepicker.css - 304 Not Modified (0ms)


Started GET "/assets/jquery_ujs.js?body=1" for 127.0.0.1 at 2014-02-10 15:46:58 -0800
Served asset /jquery_ujs.js - 304 Not Modified (0ms)


Started GET "/assets/lib/angular.js?body=1" for 127.0.0.1 at 2014-02-10 15:46:58 -0800
Served asset /lib/angular.js - 304 Not Modified (0ms)


Started GET "/assets/lib/angularstrap.js?body=1" for 127.0.0.1 at 2014-02-10 15:46:58 -0800
Served asset /lib/angularstrap.js - 304 Not Modified (0ms)


Started GET "/assets/lib/bootstrap-datepicker.js?body=1" for 127.0.0.1 at 2014-02-10 15:46:58 -0800
Served asset /lib/bootstrap-datepicker.js - 304 Not Modified (0ms)


Started GET "/assets/lib/bootstrap.js?body=1" for 127.0.0.1 at 2014-02-10 15:46:58 -0800
Served asset /lib/bootstrap.js - 304 Not Modified (0ms)


Started GET "/assets/application.js?body=1" for 127.0.0.1 at 2014-02-10 15:46:58 -0800
Served asset /application.js - 304 Not Modified (0ms)


Started GET "/assets/dropdown.png" for 127.0.0.1 at 2014-02-10 15:46:58 -0800
Served asset /dropdown.png - 304 Not Modified (0ms)


Started GET "/dropdown" for 127.0.0.1 at 2014-02-10 15:48:07 -0800
Processing by StaticPagesController#dropdown as HTML
  Rendered static_pages/dropdown.html.erb within layouts/application (0.7ms)
  Rendered shared/_header.html.erb (0.0ms)
Completed 200 OK in 5.9ms (Views: 5.7ms | ActiveRecord: 0.0ms)


Started GET "/assets/application.css?body=1" for 127.0.0.1 at 2014-02-10 15:48:07 -0800
Served asset /application.css - 304 Not Modified (0ms)


Started GET "/assets/bootstrap.css?body=1" for 127.0.0.1 at 2014-02-10 15:48:07 -0800
Served asset /bootstrap.css - 304 Not Modified (0ms)


Started GET "/assets/bootstrap-responsive.css?body=1" for 127.0.0.1 at 2014-02-10 15:48:07 -0800
Served asset /bootstrap-responsive.css - 304 Not Modified (0ms)


Started GET "/assets/datepicker.css?body=1" for 127.0.0.1 at 2014-02-10 15:48:07 -0800
Served asset /datepicker.css - 304 Not Modified (0ms)


Started GET "/assets/jquery.js?body=1" for 127.0.0.1 at 2014-02-10 15:48:07 -0800
Served asset /jquery.js - 304 Not Modified (0ms)


Started GET "/assets/lib/angular.js?body=1" for 127.0.0.1 at 2014-02-10 15:48:07 -0800
Served asset /lib/angular.js - 304 Not Modified (0ms)


Started GET "/assets/jquery_ujs.js?body=1" for 127.0.0.1 at 2014-02-10 15:48:07 -0800
Served asset /jquery_ujs.js - 304 Not Modified (0ms)


Started GET "/assets/lib/angularstrap.js?body=1" for 127.0.0.1 at 2014-02-10 15:48:07 -0800
Served asset /lib/angularstrap.js - 304 Not Modified (0ms)


Started GET "/assets/lib/bootstrap.js?body=1" for 127.0.0.1 at 2014-02-10 15:48:07 -0800
Served asset /lib/bootstrap.js - 304 Not Modified (0ms)


Started GET "/assets/lib/bootstrap-datepicker.js?body=1" for 127.0.0.1 at 2014-02-10 15:48:07 -0800
Served asset /lib/bootstrap-datepicker.js - 304 Not Modified (0ms)


Started GET "/assets/application.js?body=1" for 127.0.0.1 at 2014-02-10 15:48:07 -0800
Served asset /application.js - 304 Not Modified (0ms)


Started GET "/assets/dropdown.png" for 127.0.0.1 at 2014-02-10 15:48:07 -0800
Served asset /dropdown.png - 304 Not Modified (0ms)


Started GET "/" for 127.0.0.1 at 2014-02-10 15:48:14 -0800
Processing by StaticPagesController#home as HTML
  Rendered static_pages/home.html.erb within layouts/application (0.0ms)
  Rendered shared/_header.html.erb (0.0ms)
Completed 200 OK in 4.0ms (Views: 4.0ms | ActiveRecord: 0.0ms)


Started GET "/assets/application.css?body=1" for 127.0.0.1 at 2014-02-10 15:48:14 -0800
Served asset /application.css - 304 Not Modified (0ms)


Started GET "/assets/bootstrap-responsive.css?body=1" for 127.0.0.1 at 2014-02-10 15:48:14 -0800
Served asset /bootstrap-responsive.css - 304 Not Modified (0ms)


Started GET "/assets/bootstrap.css?body=1" for 127.0.0.1 at 2014-02-10 15:48:14 -0800
Served asset /bootstrap.css - 304 Not Modified (0ms)


Started GET "/assets/datepicker.css?body=1" for 127.0.0.1 at 2014-02-10 15:48:14 -0800
Served asset /datepicker.css - 304 Not Modified (0ms)


Started GET "/assets/jquery.js?body=1" for 127.0.0.1 at 2014-02-10 15:48:14 -0800
Served asset /jquery.js - 304 Not Modified (0ms)


Started GET "/assets/jquery_ujs.js?body=1" for 127.0.0.1 at 2014-02-10 15:48:14 -0800
Served asset /jquery_ujs.js - 304 Not Modified (0ms)


Started GET "/assets/lib/angular.js?body=1" for 127.0.0.1 at 2014-02-10 15:48:14 -0800
Served asset /lib/angular.js - 304 Not Modified (0ms)


Started GET "/assets/lib/angularstrap.js?body=1" for 127.0.0.1 at 2014-02-10 15:48:14 -0800
Served asset /lib/angularstrap.js - 304 Not Modified (0ms)


Started GET "/assets/lib/bootstrap-datepicker.js?body=1" for 127.0.0.1 at 2014-02-10 15:48:14 -0800
Served asset /lib/bootstrap-datepicker.js - 304 Not Modified (0ms)


Started GET "/assets/lib/bootstrap.js?body=1" for 127.0.0.1 at 2014-02-10 15:48:14 -0800
Served asset /lib/bootstrap.js - 304 Not Modified (0ms)


Started GET "/assets/application.js?body=1" for 127.0.0.1 at 2014-02-10 15:48:14 -0800
Served asset /application.js - 304 Not Modified (0ms)


Started GET "/dropdown" for 127.0.0.1 at 2014-02-10 15:48:16 -0800
Processing by StaticPagesController#dropdown as HTML
  Rendered static_pages/dropdown.html.erb within layouts/application (0.1ms)
  Rendered shared/_header.html.erb (0.0ms)
Completed 200 OK in 4.2ms (Views: 4.2ms | ActiveRecord: 0.0ms)


Started GET "/assets/bootstrap-responsive.css?body=1" for 127.0.0.1 at 2014-02-10 15:48:16 -0800
Served asset /bootstrap-responsive.css - 304 Not Modified (0ms)


Started GET "/assets/bootstrap.css?body=1" for 127.0.0.1 at 2014-02-10 15:48:16 -0800
Served asset /bootstrap.css - 304 Not Modified (0ms)


Started GET "/assets/application.css?body=1" for 127.0.0.1 at 2014-02-10 15:48:16 -0800
Served asset /application.css - 304 Not Modified (0ms)


Started GET "/assets/datepicker.css?body=1" for 127.0.0.1 at 2014-02-10 15:48:16 -0800
Served asset /datepicker.css - 304 Not Modified (0ms)


Started GET "/assets/jquery.js?body=1" for 127.0.0.1 at 2014-02-10 15:48:16 -0800
Served asset /jquery.js - 304 Not Modified (0ms)


Started GET "/assets/jquery_ujs.js?body=1" for 127.0.0.1 at 2014-02-10 15:48:16 -0800
Served asset /jquery_ujs.js - 304 Not Modified (0ms)


Started GET "/assets/lib/angular.js?body=1" for 127.0.0.1 at 2014-02-10 15:48:16 -0800
Served asset /lib/angular.js - 304 Not Modified (0ms)


Started GET "/assets/lib/angularstrap.js?body=1" for 127.0.0.1 at 2014-02-10 15:48:16 -0800
Served asset /lib/angularstrap.js - 304 Not Modified (0ms)


Started GET "/assets/lib/bootstrap-datepicker.js?body=1" for 127.0.0.1 at 2014-02-10 15:48:16 -0800
Served asset /lib/bootstrap-datepicker.js - 304 Not Modified (0ms)


Started GET "/assets/lib/bootstrap.js?body=1" for 127.0.0.1 at 2014-02-10 15:48:16 -0800
Served asset /lib/bootstrap.js - 304 Not Modified (0ms)


Started GET "/assets/application.js?body=1" for 127.0.0.1 at 2014-02-10 15:48:16 -0800
Served asset /application.js - 304 Not Modified (0ms)


Started GET "/assets/dropdown.png" for 127.0.0.1 at 2014-02-10 15:48:16 -0800
Served asset /dropdown.png - 304 Not Modified (0ms)


Started GET "/dropdown" for 127.0.0.1 at 2014-02-10 15:48:34 -0800
Processing by StaticPagesController#dropdown as HTML
  Rendered static_pages/dropdown.html.erb within layouts/application (0.7ms)
  Rendered shared/_header.html.erb (0.0ms)
Completed 200 OK in 6.7ms (Views: 6.6ms | ActiveRecord: 0.0ms)


Started GET "/assets/bootstrap-responsive.css?body=1" for 127.0.0.1 at 2014-02-10 15:48:34 -0800
Served asset /bootstrap-responsive.css - 304 Not Modified (0ms)


Started GET "/assets/application.css?body=1" for 127.0.0.1 at 2014-02-10 15:48:34 -0800
Served asset /application.css - 304 Not Modified (0ms)


Started GET "/assets/datepicker.css?body=1" for 127.0.0.1 at 2014-02-10 15:48:34 -0800
Served asset /datepicker.css - 304 Not Modified (0ms)


Started GET "/assets/bootstrap.css?body=1" for 127.0.0.1 at 2014-02-10 15:48:34 -0800
Served asset /bootstrap.css - 304 Not Modified (0ms)


Started GET "/assets/jquery_ujs.js?body=1" for 127.0.0.1 at 2014-02-10 15:48:34 -0800
Served asset /jquery_ujs.js - 304 Not Modified (0ms)


Started GET "/assets/jquery.js?body=1" for 127.0.0.1 at 2014-02-10 15:48:34 -0800
Served asset /jquery.js - 304 Not Modified (0ms)


Started GET "/assets/lib/angular.js?body=1" for 127.0.0.1 at 2014-02-10 15:48:34 -0800
Served asset /lib/angular.js - 304 Not Modified (0ms)


Started GET "/assets/lib/angularstrap.js?body=1" for 127.0.0.1 at 2014-02-10 15:48:34 -0800
Served asset /lib/angularstrap.js - 304 Not Modified (0ms)


Started GET "/assets/lib/bootstrap-datepicker.js?body=1" for 127.0.0.1 at 2014-02-10 15:48:34 -0800
Served asset /lib/bootstrap-datepicker.js - 304 Not Modified (0ms)


Started GET "/assets/lib/bootstrap.js?body=1" for 127.0.0.1 at 2014-02-10 15:48:34 -0800
Served asset /lib/bootstrap.js - 304 Not Modified (0ms)


Started GET "/assets/application.js?body=1" for 127.0.0.1 at 2014-02-10 15:48:34 -0800
Served asset /application.js - 304 Not Modified (0ms)


Started GET "/dropdown" for 127.0.0.1 at 2014-02-10 15:48:38 -0800
Processing by StaticPagesController#dropdown as HTML
  Rendered static_pages/dropdown.html.erb within layouts/application (0.4ms)
  Rendered shared/_header.html.erb (0.0ms)
Completed 200 OK in 4.5ms (Views: 4.5ms | ActiveRecord: 0.0ms)


Started GET "/assets/application.css?body=1" for 127.0.0.1 at 2014-02-10 15:48:38 -0800
Served asset /application.css - 304 Not Modified (0ms)


Started GET "/assets/bootstrap-responsive.css?body=1" for 127.0.0.1 at 2014-02-10 15:48:38 -0800
Served asset /bootstrap-responsive.css - 304 Not Modified (0ms)


Started GET "/assets/bootstrap.css?body=1" for 127.0.0.1 at 2014-02-10 15:48:38 -0800
Served asset /bootstrap.css - 304 Not Modified (0ms)


Started GET "/assets/datepicker.css?body=1" for 127.0.0.1 at 2014-02-10 15:48:38 -0800
Served asset /datepicker.css - 304 Not Modified (0ms)


Started GET "/assets/jquery.js?body=1" for 127.0.0.1 at 2014-02-10 15:48:38 -0800
Served asset /jquery.js - 304 Not Modified (0ms)


Started GET "/assets/jquery_ujs.js?body=1" for 127.0.0.1 at 2014-02-10 15:48:38 -0800
Served asset /jquery_ujs.js - 304 Not Modified (0ms)


Started GET "/assets/lib/angular.js?body=1" for 127.0.0.1 at 2014-02-10 15:48:38 -0800
Served asset /lib/angular.js - 304 Not Modified (0ms)


Started GET "/assets/lib/angularstrap.js?body=1" for 127.0.0.1 at 2014-02-10 15:48:38 -0800
Served asset /lib/angularstrap.js - 304 Not Modified (0ms)


Started GET "/assets/lib/bootstrap-datepicker.js?body=1" for 127.0.0.1 at 2014-02-10 15:48:38 -0800
Served asset /lib/bootstrap-datepicker.js - 304 Not Modified (0ms)


Started GET "/assets/lib/bootstrap.js?body=1" for 127.0.0.1 at 2014-02-10 15:48:38 -0800
Served asset /lib/bootstrap.js - 304 Not Modified (0ms)


Started GET "/assets/application.js?body=1" for 127.0.0.1 at 2014-02-10 15:48:38 -0800
Served asset /application.js - 304 Not Modified (0ms)


Started GET "/dropdown" for 127.0.0.1 at 2014-02-10 15:53:29 -0800
Processing by StaticPagesController#dropdown as HTML
  Rendered static_pages/dropdown.html.erb within layouts/application (0.5ms)
  Rendered shared/_header.html.erb (0.0ms)
Completed 200 OK in 5.6ms (Views: 5.4ms | ActiveRecord: 0.0ms)


Started GET "/assets/bootstrap.css?body=1" for 127.0.0.1 at 2014-02-10 15:53:29 -0800
Served asset /bootstrap.css - 304 Not Modified (0ms)


Started GET "/assets/bootstrap-responsive.css?body=1" for 127.0.0.1 at 2014-02-10 15:53:29 -0800
Served asset /bootstrap-responsive.css - 304 Not Modified (0ms)


Started GET "/assets/application.css?body=1" for 127.0.0.1 at 2014-02-10 15:53:29 -0800
Served asset /application.css - 304 Not Modified (0ms)


Started GET "/assets/datepicker.css?body=1" for 127.0.0.1 at 2014-02-10 15:53:29 -0800
Served asset /datepicker.css - 304 Not Modified (0ms)


Started GET "/assets/jquery_ujs.js?body=1" for 127.0.0.1 at 2014-02-10 15:53:29 -0800
Served asset /jquery_ujs.js - 304 Not Modified (0ms)


Started GET "/assets/jquery.js?body=1" for 127.0.0.1 at 2014-02-10 15:53:29 -0800
Served asset /jquery.js - 304 Not Modified (0ms)


Started GET "/assets/lib/angular.js?body=1" for 127.0.0.1 at 2014-02-10 15:53:29 -0800
Served asset /lib/angular.js - 304 Not Modified (0ms)


Started GET "/assets/lib/bootstrap-datepicker.js?body=1" for 127.0.0.1 at 2014-02-10 15:53:29 -0800
Served asset /lib/bootstrap-datepicker.js - 304 Not Modified (0ms)


Started GET "/assets/lib/angularstrap.js?body=1" for 127.0.0.1 at 2014-02-10 15:53:29 -0800
Served asset /lib/angularstrap.js - 304 Not Modified (0ms)


Started GET "/assets/lib/bootstrap.js?body=1" for 127.0.0.1 at 2014-02-10 15:53:29 -0800
Served asset /lib/bootstrap.js - 304 Not Modified (0ms)


Started GET "/assets/application.js?body=1" for 127.0.0.1 at 2014-02-10 15:53:29 -0800
Served asset /application.js - 304 Not Modified (0ms)


Started GET "/assets/lib/bootstrap-datepicker.js?body=1" for 127.0.0.1 at 2014-02-10 15:53:29 -0800
Served asset /lib/bootstrap-datepicker.js - 304 Not Modified (0ms)
